# JRE version: OpenJDK Runtime Environment Temurin-17.0.5+8 (17.0.5+8) (build 17.0.5+8)
# Java VM: OpenJDK 64-Bit Server VM Temurin-17.0.5+8 (17.0.5+8, mixed mode, emulated-client, tiered, compressed oops, compressed class ptrs, g1 gc, windows-amd64)
GC Precious Log:
 CPUs: 8 total, 8 available
 Memory: 8067M
 Large Page Support: Disabled
 NUMA Support: Disabled
 Compressed Oops: Enabled (32-bit)
 Heap Region Size: 1M
 Heap Min Capacity: 8M
 Heap Initial Capacity: 128M
 Heap Max Capacity: 2018M
 Pre-touch: Disabled
 Parallel Workers: 8
 Concurrent Workers: 2
 Concurrent Refinement Workers: 8
 Periodic GC: Disabled
Heap:
 garbage-first heap   total 205824K, used 85695K [0x0000000081e00000, 0x0000000100000000)
  region size 1024K, 6 young (6144K), 6 survivors (6144K)
 Metaspace       used 38892K, committed 39232K, reserved 1089536K
  class space    used 4920K, committed 5120K, reserved 1048576K
GC Heap History (20 events):
Event: 2.679 GC heap after
{Heap after GC invocations=7 (full 0):
 garbage-first heap   total 79872K, used 15334K [0x0000000081e00000, 0x0000000100000000)
  region size 1024K, 3 young (3072K), 3 survivors (3072K)
 Metaspace       used 28458K, committed 28736K, reserved 1081344K
  class space    used 3563K, committed 3712K, reserved 1048576K
}
Event: 3.713 GC heap before
{Heap before GC invocations=7 (full 0):
 garbage-first heap   total 79872K, used 57318K [0x0000000081e00000, 0x0000000100000000)
  region size 1024K, 44 young (45056K), 3 survivors (3072K)
 Metaspace       used 35523K, committed 35840K, reserved 1081344K
  class space    used 4603K, committed 4736K, reserved 1048576K
}
Event: 3.719 GC heap after
{Heap after GC invocations=8 (full 0):
 garbage-first heap   total 79872K, used 18992K [0x0000000081e00000, 0x0000000100000000)
  region size 1024K, 6 young (6144K), 6 survivors (6144K)
 Metaspace       used 35523K, committed 35840K, reserved 1081344K
  class space    used 4603K, committed 4736K, reserved 1048576K
}
Event: 3.779 GC heap before
{Heap before GC invocations=8 (full 0):
 garbage-first heap   total 79872K, used 32304K [0x0000000081e00000, 0x0000000100000000)
  region size 1024K, 20 young (20480K), 6 survivors (6144K)
 Metaspace       used 35832K, committed 36160K, reserved 1081344K
  class space    used 4646K, committed 4800K, reserved 1048576K
}
Event: 3.787 GC heap after
{Heap after GC invocations=9 (full 0):
 garbage-first heap   total 79872K, used 21822K [0x0000000081e00000, 0x0000000100000000)
  region size 1024K, 3 young (3072K), 3 survivors (3072K)
 Metaspace       used 35832K, committed 36160K, reserved 1081344K
  class space    used 4646K, committed 4800K, reserved 1048576K
}
Event: 3.950 GC heap before
{Heap before GC invocations=10 (full 0):
 garbage-first heap   total 79872K, used 55614K [0x0000000081e00000, 0x0000000100000000)
  region size 1024K, 37 young (37888K), 3 survivors (3072K)
 Metaspace       used 36406K, committed 36800K, reserved 1081344K
  class space    used 4682K, committed 4864K, reserved 1048576K
}
Event: 3.956 GC heap after
{Heap after GC invocations=11 (full 0):
 garbage-first heap   total 79872K, used 27847K [0x0000000081e00000, 0x0000000100000000)
  region size 1024K, 5 young (5120K), 5 survivors (5120K)
 Metaspace       used 36406K, committed 36800K, reserved 1081344K
  class space    used 4682K, committed 4864K, reserved 1048576K
}
Event: 3.957 GC heap before
{Heap before GC invocations=11 (full 0):
 garbage-first heap   total 79872K, used 27847K [0x0000000081e00000, 0x0000000100000000)
  region size 1024K, 6 young (6144K), 5 survivors (5120K)
 Metaspace       used 36406K, committed 36800K, reserved 1081344K
  class space    used 4682K, committed 4864K, reserved 1048576K
}
Event: 3.961 GC heap after
{Heap after GC invocations=12 (full 0):
 garbage-first heap   total 79872K, used 29048K [0x0000000081e00000, 0x0000000100000000)
  region size 1024K, 1 young (1024K), 1 survivors (1024K)
 Metaspace       used 36406K, committed 36800K, reserved 1081344K
  class space    used 4682K, committed 4864K, reserved 1048576K
}
Event: 4.042 GC heap before
{Heap before GC invocations=12 (full 0):
 garbage-first heap   total 79872K, used 56696K [0x0000000081e00000, 0x0000000100000000)
  region size 1024K, 29 young (29696K), 1 survivors (1024K)
 Metaspace       used 37347K, committed 37696K, reserved 1081344K
  class space    used 4777K, committed 4928K, reserved 1048576K
}
Event: 4.048 GC heap after
{Heap after GC invocations=13 (full 0):
 garbage-first heap   total 79872K, used 33164K [0x0000000081e00000, 0x0000000100000000)
  region size 1024K, 4 young (4096K), 4 survivors (4096K)
 Metaspace       used 37347K, committed 37696K, reserved 1081344K
  class space    used 4777K, committed 4928K, reserved 1048576K
}
Event: 4.108 GC heap before
{Heap before GC invocations=13 (full 0):
 garbage-first heap   total 79872K, used 57740K [0x0000000081e00000, 0x0000000100000000)
  region size 1024K, 29 young (29696K), 4 survivors (4096K)
 Metaspace       used 38032K, committed 38336K, reserved 1089536K
  class space    used 4805K, committed 4928K, reserved 1048576K
}
Event: 4.114 GC heap after
{Heap after GC invocations=14 (full 0):
 garbage-first heap   total 205824K, used 38643K [0x0000000081e00000, 0x0000000100000000)
  region size 1024K, 4 young (4096K), 4 survivors (4096K)
 Metaspace       used 38032K, committed 38336K, reserved 1089536K
  class space    used 4805K, committed 4928K, reserved 1048576K
}
Event: 4.476 GC heap before
{Heap before GC invocations=14 (full 0):
 garbage-first heap   total 205824K, used 145139K [0x0000000081e00000, 0x0000000100000000)
  region size 1024K, 103 young (105472K), 4 survivors (4096K)
 Metaspace       used 38590K, committed 38912K, reserved 1089536K
  class space    used 4893K, committed 5056K, reserved 1048576K
}
Event: 4.516 GC heap after
{Heap after GC invocations=15 (full 0):
 garbage-first heap   total 205824K, used 76519K [0x0000000081e00000, 0x0000000100000000)
  region size 1024K, 13 young (13312K), 13 survivors (13312K)
 Metaspace       used 38590K, committed 38912K, reserved 1089536K
  class space    used 4893K, committed 5056K, reserved 1048576K
}
Event: 4.555 GC heap before
{Heap before GC invocations=15 (full 0):
 garbage-first heap   total 205824K, used 130791K [0x0000000081e00000, 0x0000000100000000)
  region size 1024K, 67 young (68608K), 13 survivors (13312K)
 Metaspace       used 38674K, committed 39040K, reserved 1089536K
  class space    used 4898K, committed 5056K, reserved 1048576K
}
Event: 4.564 GC heap after
{Heap after GC invocations=16 (full 0):
 garbage-first heap   total 205824K, used 81635K [0x0000000081e00000, 0x0000000100000000)
  region size 1024K, 4 young (4096K), 4 survivors (4096K)
 Metaspace       used 38674K, committed 39040K, reserved 1089536K
  class space    used 4898K, committed 5056K, reserved 1048576K
}
Event: 4.587 GC heap before
{Heap before GC invocations=16 (full 0):
 garbage-first heap   total 205824K, used 140003K [0x0000000081e00000, 0x0000000100000000)
  region size 1024K, 63 young (64512K), 4 survivors (4096K)
 Metaspace       used 38705K, committed 39104K, reserved 1089536K
  class space    used 4906K, committed 5120K, reserved 1048576K
}
Event: 4.591 GC heap after
{Heap after GC invocations=17 (full 0):
 garbage-first heap   total 205824K, used 83159K [0x0000000081e00000, 0x0000000100000000)
  region size 1024K, 6 young (6144K), 6 survivors (6144K)
 Metaspace       used 38705K, committed 39104K, reserved 1089536K
  class space    used 4906K, committed 5120K, reserved 1048576K
}
Event: 4.620 GC heap before
{Heap before GC invocations=17 (full 0):
 garbage-first heap   total 205824K, used 148695K [0x0000000081e00000, 0x0000000100000000)
  region size 1024K, 71 young (72704K), 6 survivors (6144K)
 Metaspace       used 38892K, committed 39232K, reserved 1089536K
  class space    used 4920K, committed 5120K, reserved 1048576K
}

