# JRE version: OpenJDK Runtime Environment Temurin-17.0.5+8 (17.0.5+8) (build 17.0.5+8)
# Java VM: OpenJDK 64-Bit Server VM Temurin-17.0.5+8 (17.0.5+8, mixed mode, emulated-client, tiered, compressed oops, compressed class ptrs, g1 gc, windows-amd64)
GC Precious Log:
 CPUs: 8 total, 8 available
 Memory: 8067M
 Large Page Support: Disabled
 NUMA Support: Disabled
 Compressed Oops: Enabled (32-bit)
 Heap Region Size: 1M
 Heap Min Capacity: 8M
 Heap Initial Capacity: 128M
 Heap Max Capacity: 2018M
 Pre-touch: Disabled
 Parallel Workers: 8
 Concurrent Workers: 2
 Concurrent Refinement Workers: 8
 Periodic GC: Disabled
Heap:
 garbage-first heap   total 344064K, used 97401K [0x0000000081e00000, 0x0000000100000000)
  region size 1024K, 11 young (11264K), 11 survivors (11264K)
 Metaspace       used 38471K, committed 38784K, reserved 1089536K
  class space    used 4861K, committed 4992K, reserved 1048576K
GC Heap History (20 events):
Event: 3.433 GC heap after
{Heap after GC invocations=16 (full 0):
 garbage-first heap   total 114688K, used 47541K [0x0000000081e00000, 0x0000000100000000)
  region size 1024K, 6 young (6144K), 6 survivors (6144K)
 Metaspace       used 38078K, committed 38400K, reserved 1089536K
  class space    used 4818K, committed 4928K, reserved 1048576K
}
Event: 3.435 GC heap before
{Heap before GC invocations=16 (full 0):
 garbage-first heap   total 114688K, used 48565K [0x0000000081e00000, 0x0000000100000000)
  region size 1024K, 7 young (7168K), 6 survivors (6144K)
 Metaspace       used 38078K, committed 38400K, reserved 1089536K
  class space    used 4818K, committed 4928K, reserved 1048576K
}
Event: 3.440 GC heap after
{Heap after GC invocations=17 (full 0):
 garbage-first heap   total 114688K, used 48151K [0x0000000081e00000, 0x0000000100000000)
  region size 1024K, 1 young (1024K), 1 survivors (1024K)
 Metaspace       used 38078K, committed 38400K, reserved 1089536K
  class space    used 4818K, committed 4928K, reserved 1048576K
}
Event: 3.546 GC heap before
{Heap before GC invocations=17 (full 0):
 garbage-first heap   total 114688K, used 73751K [0x0000000081e00000, 0x0000000100000000)
  region size 1024K, 25 young (25600K), 1 survivors (1024K)
 Metaspace       used 38261K, committed 38528K, reserved 1089536K
  class space    used 4835K, committed 4928K, reserved 1048576K
}
Event: 3.550 GC heap after
{Heap after GC invocations=18 (full 0):
 garbage-first heap   total 114688K, used 57109K [0x0000000081e00000, 0x0000000100000000)
  region size 1024K, 4 young (4096K), 4 survivors (4096K)
 Metaspace       used 38261K, committed 38528K, reserved 1089536K
  class space    used 4835K, committed 4928K, reserved 1048576K
}
Event: 3.713 GC heap before
{Heap before GC invocations=19 (full 0):
 garbage-first heap   total 114688K, used 85781K [0x0000000081e00000, 0x0000000100000000)
  region size 1024K, 30 young (30720K), 4 survivors (4096K)
 Metaspace       used 38262K, committed 38528K, reserved 1089536K
  class space    used 4836K, committed 4928K, reserved 1048576K
}
Event: 3.722 GC heap after
{Heap after GC invocations=20 (full 0):
 garbage-first heap   total 114688K, used 72478K [0x0000000081e00000, 0x0000000100000000)
  region size 1024K, 4 young (4096K), 4 survivors (4096K)
 Metaspace       used 38262K, committed 38528K, reserved 1089536K
  class space    used 4836K, committed 4928K, reserved 1048576K
}
Event: 3.726 GC heap before
{Heap before GC invocations=20 (full 0):
 garbage-first heap   total 114688K, used 73502K [0x0000000081e00000, 0x0000000100000000)
  region size 1024K, 5 young (5120K), 4 survivors (4096K)
 Metaspace       used 38262K, committed 38528K, reserved 1089536K
  class space    used 4836K, committed 4928K, reserved 1048576K
}
Event: 3.729 GC heap after
{Heap after GC invocations=21 (full 0):
 garbage-first heap   total 114688K, used 74354K [0x0000000081e00000, 0x0000000100000000)
  region size 1024K, 1 young (1024K), 1 survivors (1024K)
 Metaspace       used 38262K, committed 38528K, reserved 1089536K
  class space    used 4836K, committed 4928K, reserved 1048576K
}
Event: 3.759 GC heap before
{Heap before GC invocations=21 (full 0):
 garbage-first heap   total 114688K, used 86642K [0x0000000081e00000, 0x0000000100000000)
  region size 1024K, 14 young (14336K), 1 survivors (1024K)
 Metaspace       used 38358K, committed 38720K, reserved 1089536K
  class space    used 4846K, committed 4992K, reserved 1048576K
}
Event: 3.778 GC heap after
{Heap after GC invocations=22 (full 0):
 garbage-first heap   total 344064K, used 79352K [0x0000000081e00000, 0x0000000100000000)
  region size 1024K, 2 young (2048K), 2 survivors (2048K)
 Metaspace       used 38358K, committed 38720K, reserved 1089536K
  class space    used 4846K, committed 4992K, reserved 1048576K
}
Event: 3.853 GC heap before
{Heap before GC invocations=22 (full 0):
 garbage-first heap   total 344064K, used 188920K [0x0000000081e00000, 0x0000000100000000)
  region size 1024K, 110 young (112640K), 2 survivors (2048K)
 Metaspace       used 38369K, committed 38720K, reserved 1089536K
  class space    used 4847K, committed 4992K, reserved 1048576K
}
Event: 3.859 GC heap after
{Heap after GC invocations=23 (full 0):
 garbage-first heap   total 344064K, used 84082K [0x0000000081e00000, 0x0000000100000000)
  region size 1024K, 7 young (7168K), 7 survivors (7168K)
 Metaspace       used 38369K, committed 38720K, reserved 1089536K
  class space    used 4847K, committed 4992K, reserved 1048576K
}
Event: 3.930 GC heap before
{Heap before GC invocations=24 (full 0):
 garbage-first heap   total 283648K, used 235634K [0x0000000081e00000, 0x0000000100000000)
  region size 1024K, 158 young (161792K), 7 survivors (7168K)
 Metaspace       used 38470K, committed 38784K, reserved 1089536K
  class space    used 4860K, committed 4992K, reserved 1048576K
}
Event: 3.937 GC heap after
{Heap after GC invocations=25 (full 0):
 garbage-first heap   total 283648K, used 89569K [0x0000000081e00000, 0x0000000100000000)
  region size 1024K, 13 young (13312K), 13 survivors (13312K)
 Metaspace       used 38470K, committed 38784K, reserved 1089536K
  class space    used 4860K, committed 4992K, reserved 1048576K
}
Event: 3.939 GC heap before
{Heap before GC invocations=25 (full 0):
 garbage-first heap   total 283648K, used 90593K [0x0000000081e00000, 0x0000000100000000)
  region size 1024K, 15 young (15360K), 13 survivors (13312K)
 Metaspace       used 38470K, committed 38784K, reserved 1089536K
  class space    used 4860K, committed 4992K, reserved 1048576K
}
Event: 3.946 GC heap after
{Heap after GC invocations=26 (full 0):
 garbage-first heap   total 283648K, used 88466K [0x0000000081e00000, 0x0000000100000000)
  region size 1024K, 2 young (2048K), 2 survivors (2048K)
 Metaspace       used 38470K, committed 38784K, reserved 1089536K
  class space    used 4860K, committed 4992K, reserved 1048576K
}
Event: 3.983 GC heap before
{Heap before GC invocations=26 (full 0):
 garbage-first heap   total 283648K, used 207250K [0x0000000081e00000, 0x0000000100000000)
  region size 1024K, 119 young (121856K), 2 survivors (2048K)
 Metaspace       used 38470K, committed 38784K, reserved 1089536K
  class space    used 4860K, committed 4992K, reserved 1048576K
}
Event: 3.986 GC heap after
{Heap after GC invocations=27 (full 0):
 garbage-first heap   total 283648K, used 92516K [0x0000000081e00000, 0x0000000100000000)
  region size 1024K, 6 young (6144K), 6 survivors (6144K)
 Metaspace       used 38470K, committed 38784K, reserved 1089536K
  class space    used 4860K, committed 4992K, reserved 1048576K
}
Event: 4.019 GC heap before
{Heap before GC invocations=27 (full 0):
 garbage-first heap   total 283648K, used 214372K [0x0000000081e00000, 0x0000000100000000)
  region size 1024K, 126 young (129024K), 6 survivors (6144K)
 Metaspace       used 38471K, committed 38784K, reserved 1089536K
  class space    used 4861K, committed 4992K, reserved 1048576K
}

