# JRE version: OpenJDK Runtime Environment Temurin-17.0.5+8 (17.0.5+8) (build 17.0.5+8)
# Java VM: OpenJDK 64-Bit Server VM Temurin-17.0.5+8 (17.0.5+8, mixed mode, emulated-client, tiered, compressed oops, compressed class ptrs, g1 gc, windows-amd64)
GC Precious Log:
 CPUs: 8 total, 8 available
 Memory: 8067M
 Large Page Support: Disabled
 NUMA Support: Disabled
 Compressed Oops: Enabled (32-bit)
 Heap Region Size: 1M
 Heap Min Capacity: 8M
 Heap Initial Capacity: 128M
 Heap Max Capacity: 2018M
 Pre-touch: Disabled
 Parallel Workers: 8
 Concurrent Workers: 2
 Concurrent Refinement Workers: 8
 Periodic GC: Disabled
Heap:
 garbage-first heap   total 327680K, used 89544K [0x0000000081e00000, 0x0000000100000000)
  region size 1024K, 8 young (8192K), 8 survivors (8192K)
 Metaspace       used 35792K, committed 36160K, reserved 1081344K
  class space    used 4635K, committed 4800K, reserved 1048576K
GC Heap History (20 events):
Event: 7.056 GC heap after
{Heap after GC invocations=14 (full 0):
 garbage-first heap   total 68608K, used 34675K [0x0000000081e00000, 0x0000000100000000)
  region size 1024K, 2 young (2048K), 2 survivors (2048K)
 Metaspace       used 35643K, committed 35968K, reserved 1081344K
  class space    used 4611K, committed 4736K, reserved 1048576K
}
Event: 7.094 GC heap before
{Heap before GC invocations=14 (full 0):
 garbage-first heap   total 68608K, used 52083K [0x0000000081e00000, 0x0000000100000000)
  region size 1024K, 19 young (19456K), 2 survivors (2048K)
 Metaspace       used 35643K, committed 35968K, reserved 1081344K
  class space    used 4611K, committed 4736K, reserved 1048576K
}
Event: 7.101 GC heap after
{Heap after GC invocations=15 (full 0):
 garbage-first heap   total 137216K, used 39194K [0x0000000081e00000, 0x0000000100000000)
  region size 1024K, 3 young (3072K), 3 survivors (3072K)
 Metaspace       used 35643K, committed 35968K, reserved 1081344K
  class space    used 4611K, committed 4736K, reserved 1048576K
}
Event: 7.402 GC heap before
{Heap before GC invocations=16 (full 0):
 garbage-first heap   total 137216K, used 92442K [0x0000000081e00000, 0x0000000100000000)
  region size 1024K, 55 young (56320K), 3 survivors (3072K)
 Metaspace       used 35643K, committed 35968K, reserved 1081344K
  class space    used 4612K, committed 4736K, reserved 1048576K
}
Event: 7.417 GC heap after
{Heap after GC invocations=17 (full 0):
 garbage-first heap   total 137216K, used 55762K [0x0000000081e00000, 0x0000000100000000)
  region size 1024K, 7 young (7168K), 7 survivors (7168K)
 Metaspace       used 35643K, committed 35968K, reserved 1081344K
  class space    used 4612K, committed 4736K, reserved 1048576K
}
Event: 7.488 GC heap before
{Heap before GC invocations=17 (full 0):
 garbage-first heap   total 137216K, used 94674K [0x0000000081e00000, 0x0000000100000000)
  region size 1024K, 45 young (46080K), 7 survivors (7168K)
 Metaspace       used 35702K, committed 36032K, reserved 1081344K
  class space    used 4622K, committed 4736K, reserved 1048576K
}
Event: 7.512 GC heap after
{Heap after GC invocations=18 (full 0):
 garbage-first heap   total 137216K, used 67423K [0x0000000081e00000, 0x0000000100000000)
  region size 1024K, 6 young (6144K), 6 survivors (6144K)
 Metaspace       used 35702K, committed 36032K, reserved 1081344K
  class space    used 4622K, committed 4736K, reserved 1048576K
}
Event: 7.524 GC heap before
{Heap before GC invocations=18 (full 0):
 garbage-first heap   total 137216K, used 97119K [0x0000000081e00000, 0x0000000100000000)
  region size 1024K, 36 young (36864K), 6 survivors (6144K)
 Metaspace       used 35725K, committed 36096K, reserved 1081344K
  class space    used 4630K, committed 4800K, reserved 1048576K
}
Event: 7.529 GC heap after
{Heap after GC invocations=19 (full 0):
 garbage-first heap   total 137216K, used 70577K [0x0000000081e00000, 0x0000000100000000)
  region size 1024K, 3 young (3072K), 3 survivors (3072K)
 Metaspace       used 35725K, committed 36096K, reserved 1081344K
  class space    used 4630K, committed 4800K, reserved 1048576K
}
Event: 7.548 GC heap before
{Heap before GC invocations=19 (full 0):
 garbage-first heap   total 137216K, used 101297K [0x0000000081e00000, 0x0000000100000000)
  region size 1024K, 34 young (34816K), 3 survivors (3072K)
 Metaspace       used 35791K, committed 36160K, reserved 1081344K
  class space    used 4635K, committed 4800K, reserved 1048576K
}
Event: 7.551 GC heap after
{Heap after GC invocations=20 (full 0):
 garbage-first heap   total 137216K, used 70990K [0x0000000081e00000, 0x0000000100000000)
  region size 1024K, 3 young (3072K), 3 survivors (3072K)
 Metaspace       used 35791K, committed 36160K, reserved 1081344K
  class space    used 4635K, committed 4800K, reserved 1048576K
}
Event: 7.565 GC heap before
{Heap before GC invocations=20 (full 0):
 garbage-first heap   total 137216K, used 103758K [0x0000000081e00000, 0x0000000100000000)
  region size 1024K, 36 young (36864K), 3 survivors (3072K)
 Metaspace       used 35791K, committed 36160K, reserved 1081344K
  class space    used 4635K, committed 4800K, reserved 1048576K
}
Event: 7.569 GC heap after
{Heap after GC invocations=21 (full 0):
 garbage-first heap   total 327680K, used 72382K [0x0000000081e00000, 0x0000000100000000)
  region size 1024K, 5 young (5120K), 5 survivors (5120K)
 Metaspace       used 35791K, committed 36160K, reserved 1081344K
  class space    used 4635K, committed 4800K, reserved 1048576K
}
Event: 7.656 GC heap before
{Heap before GC invocations=21 (full 0):
 garbage-first heap   total 327680K, used 199358K [0x0000000081e00000, 0x0000000100000000)
  region size 1024K, 131 young (134144K), 5 survivors (5120K)
 Metaspace       used 35791K, committed 36160K, reserved 1081344K
  class space    used 4635K, committed 4800K, reserved 1048576K
}
Event: 7.663 GC heap after
{Heap after GC invocations=22 (full 0):
 garbage-first heap   total 327680K, used 76679K [0x0000000081e00000, 0x0000000100000000)
  region size 1024K, 10 young (10240K), 10 survivors (10240K)
 Metaspace       used 35791K, committed 36160K, reserved 1081344K
  class space    used 4635K, committed 4800K, reserved 1048576K
}
Event: 7.742 GC heap before
{Heap before GC invocations=23 (full 0):
 garbage-first heap   total 327680K, used 252807K [0x0000000081e00000, 0x0000000100000000)
  region size 1024K, 183 young (187392K), 10 survivors (10240K)
 Metaspace       used 35791K, committed 36160K, reserved 1081344K
  class space    used 4635K, committed 4800K, reserved 1048576K
}
Event: 7.752 GC heap after
{Heap after GC invocations=24 (full 0):
 garbage-first heap   total 327680K, used 83768K [0x0000000081e00000, 0x0000000100000000)
  region size 1024K, 17 young (17408K), 17 survivors (17408K)
 Metaspace       used 35791K, committed 36160K, reserved 1081344K
  class space    used 4635K, committed 4800K, reserved 1048576K
}
Event: 7.753 GC heap before
{Heap before GC invocations=24 (full 0):
 garbage-first heap   total 327680K, used 85816K [0x0000000081e00000, 0x0000000100000000)
  region size 1024K, 20 young (20480K), 17 survivors (17408K)
 Metaspace       used 35791K, committed 36160K, reserved 1081344K
  class space    used 4635K, committed 4800K, reserved 1048576K
}
Event: 7.765 GC heap after
{Heap after GC invocations=25 (full 0):
 garbage-first heap   total 327680K, used 84836K [0x0000000081e00000, 0x0000000100000000)
  region size 1024K, 3 young (3072K), 3 survivors (3072K)
 Metaspace       used 35791K, committed 36160K, reserved 1081344K
  class space    used 4635K, committed 4800K, reserved 1048576K
}
Event: 7.830 GC heap before
{Heap before GC invocations=25 (full 0):
 garbage-first heap   total 327680K, used 257892K [0x0000000081e00000, 0x0000000100000000)
  region size 1024K, 173 young (177152K), 3 survivors (3072K)
 Metaspace       used 35792K, committed 36160K, reserved 1081344K
  class space    used 4635K, committed 4800K, reserved 1048576K
}

