# JRE version: OpenJDK Runtime Environment Temurin-17.0.5+8 (17.0.5+8) (build 17.0.5+8)
# Java VM: OpenJDK 64-Bit Server VM Temurin-17.0.5+8 (17.0.5+8, mixed mode, emulated-client, tiered, compressed oops, compressed class ptrs, g1 gc, windows-amd64)
GC Precious Log:
 CPUs: 8 total, 8 available
 Memory: 8067M
 Large Page Support: Disabled
 NUMA Support: Disabled
 Compressed Oops: Enabled (32-bit)
 Heap Region Size: 1M
 Heap Min Capacity: 8M
 Heap Initial Capacity: 128M
 Heap Max Capacity: 2018M
 Pre-touch: Disabled
 Parallel Workers: 8
 Concurrent Workers: 2
 Concurrent Refinement Workers: 8
 Periodic GC: Disabled
Heap:
 garbage-first heap   total 260096K, used 94646K [0x0000000081e00000, 0x0000000100000000)
  region size 1024K, 9 young (9216K), 9 survivors (9216K)
 Metaspace       used 40140K, committed 40512K, reserved 1089536K
  class space    used 5015K, committed 5184K, reserved 1048576K
GC Heap History (20 events):
Event: 4.127 GC heap after
{Heap after GC invocations=17 (full 0):
 garbage-first heap   total 93184K, used 47792K [0x0000000081e00000, 0x0000000100000000)
  region size 1024K, 4 young (4096K), 4 survivors (4096K)
 Metaspace       used 38226K, committed 38528K, reserved 1089536K
  class space    used 4827K, committed 4928K, reserved 1048576K
}
Event: 4.140 GC heap before
{Heap before GC invocations=17 (full 0):
 garbage-first heap   total 93184K, used 49840K [0x0000000081e00000, 0x0000000100000000)
  region size 1024K, 7 young (7168K), 4 survivors (4096K)
 Metaspace       used 38240K, committed 38528K, reserved 1089536K
  class space    used 4830K, committed 4928K, reserved 1048576K
}
Event: 4.144 GC heap after
{Heap after GC invocations=18 (full 0):
 garbage-first heap   total 93184K, used 49120K [0x0000000081e00000, 0x0000000100000000)
  region size 1024K, 1 young (1024K), 1 survivors (1024K)
 Metaspace       used 38240K, committed 38528K, reserved 1089536K
  class space    used 4830K, committed 4928K, reserved 1048576K
}
Event: 4.288 GC heap before
{Heap before GC invocations=19 (full 0):
 garbage-first heap   total 114688K, used 72672K [0x0000000081e00000, 0x0000000100000000)
  region size 1024K, 21 young (21504K), 1 survivors (1024K)
 Metaspace       used 38240K, committed 38528K, reserved 1089536K
  class space    used 4830K, committed 4928K, reserved 1048576K
}
Event: 4.292 GC heap after
{Heap after GC invocations=20 (full 0):
 garbage-first heap   total 114688K, used 58877K [0x0000000081e00000, 0x0000000100000000)
  region size 1024K, 3 young (3072K), 3 survivors (3072K)
 Metaspace       used 38240K, committed 38528K, reserved 1089536K
  class space    used 4830K, committed 4928K, reserved 1048576K
}
Event: 4.337 GC heap before
{Heap before GC invocations=20 (full 0):
 garbage-first heap   total 114688K, used 60925K [0x0000000081e00000, 0x0000000100000000)
  region size 1024K, 5 young (5120K), 3 survivors (3072K)
 Metaspace       used 38240K, committed 38528K, reserved 1089536K
  class space    used 4830K, committed 4928K, reserved 1048576K
}
Event: 4.339 GC heap after
{Heap after GC invocations=21 (full 0):
 garbage-first heap   total 114688K, used 59754K [0x0000000081e00000, 0x0000000100000000)
  region size 1024K, 1 young (1024K), 1 survivors (1024K)
 Metaspace       used 38240K, committed 38528K, reserved 1089536K
  class space    used 4830K, committed 4928K, reserved 1048576K
}
Event: 4.486 GC heap before
{Heap before GC invocations=21 (full 0):
 garbage-first heap   total 114688K, used 66922K [0x0000000081e00000, 0x0000000100000000)
  region size 1024K, 10 young (10240K), 1 survivors (1024K)
 Metaspace       used 38240K, committed 38528K, reserved 1089536K
  class space    used 4830K, committed 4928K, reserved 1048576K
}
Event: 4.489 GC heap after
{Heap after GC invocations=22 (full 0):
 garbage-first heap   total 114688K, used 63598K [0x0000000081e00000, 0x0000000100000000)
  region size 1024K, 4 young (4096K), 4 survivors (4096K)
 Metaspace       used 38240K, committed 38528K, reserved 1089536K
  class space    used 4830K, committed 4928K, reserved 1048576K
}
Event: 4.624 GC heap before
{Heap before GC invocations=23 (full 0):
 garbage-first heap   total 130048K, used 85102K [0x0000000081e00000, 0x0000000100000000)
  region size 1024K, 24 young (24576K), 4 survivors (4096K)
 Metaspace       used 38643K, committed 38976K, reserved 1089536K
  class space    used 4893K, committed 5056K, reserved 1048576K
}
Event: 4.634 GC heap after
{Heap after GC invocations=24 (full 0):
 garbage-first heap   total 130048K, used 75065K [0x0000000081e00000, 0x0000000100000000)
  region size 1024K, 3 young (3072K), 3 survivors (3072K)
 Metaspace       used 38643K, committed 38976K, reserved 1089536K
  class space    used 4893K, committed 5056K, reserved 1048576K
}
Event: 4.649 GC heap before
{Heap before GC invocations=24 (full 0):
 garbage-first heap   total 130048K, used 77113K [0x0000000081e00000, 0x0000000100000000)
  region size 1024K, 6 young (6144K), 3 survivors (3072K)
 Metaspace       used 39155K, committed 39552K, reserved 1089536K
  class space    used 4935K, committed 5120K, reserved 1048576K
}
Event: 4.654 GC heap after
{Heap after GC invocations=25 (full 0):
 garbage-first heap   total 260096K, used 76207K [0x0000000081e00000, 0x0000000100000000)
  region size 1024K, 1 young (1024K), 1 survivors (1024K)
 Metaspace       used 39155K, committed 39552K, reserved 1089536K
  class space    used 4935K, committed 5120K, reserved 1048576K
}
Event: 4.733 GC heap before
{Heap before GC invocations=25 (full 0):
 garbage-first heap   total 260096K, used 150959K [0x0000000081e00000, 0x0000000100000000)
  region size 1024K, 75 young (76800K), 1 survivors (1024K)
 Metaspace       used 39532K, committed 39936K, reserved 1089536K
  class space    used 4974K, committed 5184K, reserved 1048576K
}
Event: 4.751 GC heap after
{Heap after GC invocations=26 (full 0):
 garbage-first heap   total 260096K, used 82839K [0x0000000081e00000, 0x0000000100000000)
  region size 1024K, 8 young (8192K), 8 survivors (8192K)
 Metaspace       used 39532K, committed 39936K, reserved 1089536K
  class space    used 4974K, committed 5184K, reserved 1048576K
}
Event: 4.785 GC heap before
{Heap before GC invocations=26 (full 0):
 garbage-first heap   total 260096K, used 166807K [0x0000000081e00000, 0x0000000100000000)
  region size 1024K, 91 young (93184K), 8 survivors (8192K)
 Metaspace       used 39845K, committed 40256K, reserved 1089536K
  class space    used 4975K, committed 5184K, reserved 1048576K
}
Event: 4.801 GC heap after
{Heap after GC invocations=27 (full 0):
 garbage-first heap   total 260096K, used 86497K [0x0000000081e00000, 0x0000000100000000)
  region size 1024K, 4 young (4096K), 4 survivors (4096K)
 Metaspace       used 39845K, committed 40256K, reserved 1089536K
  class space    used 4975K, committed 5184K, reserved 1048576K
}
Event: 4.842 GC heap before
{Heap before GC invocations=27 (full 0):
 garbage-first heap   total 260096K, used 188897K [0x0000000081e00000, 0x0000000100000000)
  region size 1024K, 105 young (107520K), 4 survivors (4096K)
 Metaspace       used 40048K, committed 40384K, reserved 1089536K
  class space    used 5002K, committed 5184K, reserved 1048576K
}
Event: 4.849 GC heap after
{Heap after GC invocations=28 (full 0):
 garbage-first heap   total 260096K, used 90537K [0x0000000081e00000, 0x0000000100000000)
  region size 1024K, 8 young (8192K), 8 survivors (8192K)
 Metaspace       used 40048K, committed 40384K, reserved 1089536K
  class space    used 5002K, committed 5184K, reserved 1048576K
}
Event: 4.904 GC heap before
{Heap before GC invocations=28 (full 0):
 garbage-first heap   total 260096K, used 199081K [0x0000000081e00000, 0x0000000100000000)
  region size 1024K, 115 young (117760K), 8 survivors (8192K)
 Metaspace       used 40140K, committed 40512K, reserved 1089536K
  class space    used 5015K, committed 5184K, reserved 1048576K
}

