# JRE version: OpenJDK Runtime Environment Temurin-17.0.5+8 (17.0.5+8) (build 17.0.5+8)
# Java VM: OpenJDK 64-Bit Server VM Temurin-17.0.5+8 (17.0.5+8, mixed mode, emulated-client, tiered, compressed oops, compressed class ptrs, g1 gc, windows-amd64)
GC Precious Log:
 CPUs: 8 total, 8 available
 Memory: 8067M
 Large Page Support: Disabled
 NUMA Support: Disabled
 Compressed Oops: Enabled (32-bit)
 Heap Region Size: 1M
 Heap Min Capacity: 8M
 Heap Initial Capacity: 128M
 Heap Max Capacity: 2018M
 Pre-touch: Disabled
 Parallel Workers: 8
 Concurrent Workers: 2
 Concurrent Refinement Workers: 8
 Periodic GC: Disabled
Heap:
 garbage-first heap   total 150528K, used 72828K [0x0000000081e00000, 0x0000000100000000)
  region size 1024K, 4 young (4096K), 4 survivors (4096K)
 Metaspace       used 36582K, committed 36928K, reserved 1081344K
  class space    used 4712K, committed 4864K, reserved 1048576K
GC Heap History (20 events):
Event: 4.745 GC heap after
{Heap after GC invocations=8 (full 0):
 garbage-first heap   total 61440K, used 19429K [0x0000000081e00000, 0x0000000100000000)
  region size 1024K, 2 young (2048K), 2 survivors (2048K)
 Metaspace       used 34955K, committed 35328K, reserved 1081344K
  class space    used 4492K, committed 4672K, reserved 1048576K
}
Event: 4.881 GC heap before
{Heap before GC invocations=8 (full 0):
 garbage-first heap   total 61440K, used 42981K [0x0000000081e00000, 0x0000000100000000)
  region size 1024K, 26 young (26624K), 2 survivors (2048K)
 Metaspace       used 35501K, committed 35776K, reserved 1081344K
  class space    used 4587K, committed 4736K, reserved 1048576K
}
Event: 4.888 GC heap after
{Heap after GC invocations=9 (full 0):
 garbage-first heap   total 61440K, used 24054K [0x0000000081e00000, 0x0000000100000000)
  region size 1024K, 4 young (4096K), 4 survivors (4096K)
 Metaspace       used 35501K, committed 35776K, reserved 1081344K
  class space    used 4587K, committed 4736K, reserved 1048576K
}
Event: 4.976 GC heap before
{Heap before GC invocations=9 (full 0):
 garbage-first heap   total 61440K, used 44534K [0x0000000081e00000, 0x0000000100000000)
  region size 1024K, 24 young (24576K), 4 survivors (4096K)
 Metaspace       used 35501K, committed 35776K, reserved 1081344K
  class space    used 4587K, committed 4736K, reserved 1048576K
}
Event: 4.980 GC heap after
{Heap after GC invocations=10 (full 0):
 garbage-first heap   total 61440K, used 28466K [0x0000000081e00000, 0x0000000100000000)
  region size 1024K, 3 young (3072K), 3 survivors (3072K)
 Metaspace       used 35501K, committed 35776K, reserved 1081344K
  class space    used 4587K, committed 4736K, reserved 1048576K
}
Event: 5.058 GC heap before
{Heap before GC invocations=10 (full 0):
 garbage-first heap   total 61440K, used 44850K [0x0000000081e00000, 0x0000000100000000)
  region size 1024K, 19 young (19456K), 3 survivors (3072K)
 Metaspace       used 35618K, committed 35968K, reserved 1081344K
  class space    used 4605K, committed 4736K, reserved 1048576K
}
Event: 5.062 GC heap after
{Heap after GC invocations=11 (full 0):
 garbage-first heap   total 61440K, used 31857K [0x0000000081e00000, 0x0000000100000000)
  region size 1024K, 3 young (3072K), 3 survivors (3072K)
 Metaspace       used 35618K, committed 35968K, reserved 1081344K
  class space    used 4605K, committed 4736K, reserved 1048576K
}
Event: 5.110 GC heap before
{Heap before GC invocations=11 (full 0):
 garbage-first heap   total 61440K, used 46193K [0x0000000081e00000, 0x0000000100000000)
  region size 1024K, 17 young (17408K), 3 survivors (3072K)
 Metaspace       used 35618K, committed 35968K, reserved 1081344K
  class space    used 4605K, committed 4736K, reserved 1048576K
}
Event: 5.114 GC heap after
{Heap after GC invocations=12 (full 0):
 garbage-first heap   total 61440K, used 34425K [0x0000000081e00000, 0x0000000100000000)
  region size 1024K, 3 young (3072K), 3 survivors (3072K)
 Metaspace       used 35618K, committed 35968K, reserved 1081344K
  class space    used 4605K, committed 4736K, reserved 1048576K
}
Event: 5.170 GC heap before
{Heap before GC invocations=13 (full 0):
 garbage-first heap   total 73728K, used 46713K [0x0000000081e00000, 0x0000000100000000)
  region size 1024K, 15 young (15360K), 3 survivors (3072K)
 Metaspace       used 35618K, committed 35968K, reserved 1081344K
  class space    used 4605K, committed 4736K, reserved 1048576K
}
Event: 5.174 GC heap after
{Heap after GC invocations=14 (full 0):
 garbage-first heap   total 73728K, used 37961K [0x0000000081e00000, 0x0000000100000000)
  region size 1024K, 2 young (2048K), 2 survivors (2048K)
 Metaspace       used 35618K, committed 35968K, reserved 1081344K
  class space    used 4605K, committed 4736K, reserved 1048576K
}
Event: 5.177 GC heap before
{Heap before GC invocations=14 (full 0):
 garbage-first heap   total 73728K, used 38985K [0x0000000081e00000, 0x0000000100000000)
  region size 1024K, 3 young (3072K), 2 survivors (2048K)
 Metaspace       used 35618K, committed 35968K, reserved 1081344K
  class space    used 4605K, committed 4736K, reserved 1048576K
}
Event: 5.181 GC heap after
{Heap after GC invocations=15 (full 0):
 garbage-first heap   total 150528K, used 38737K [0x0000000081e00000, 0x0000000100000000)
  region size 1024K, 1 young (1024K), 1 survivors (1024K)
 Metaspace       used 35618K, committed 35968K, reserved 1081344K
  class space    used 4605K, committed 4736K, reserved 1048576K
}
Event: 5.953 GC heap before
{Heap before GC invocations=15 (full 0):
 garbage-first heap   total 150528K, used 101201K [0x0000000081e00000, 0x0000000100000000)
  region size 1024K, 62 young (63488K), 1 survivors (1024K)
 Metaspace       used 35729K, committed 36096K, reserved 1081344K
  class space    used 4638K, committed 4800K, reserved 1048576K
}
Event: 5.968 GC heap after
{Heap after GC invocations=16 (full 0):
 garbage-first heap   total 150528K, used 56703K [0x0000000081e00000, 0x0000000100000000)
  region size 1024K, 8 young (8192K), 8 survivors (8192K)
 Metaspace       used 35729K, committed 36096K, reserved 1081344K
  class space    used 4638K, committed 4800K, reserved 1048576K
}
Event: 6.121 GC heap before
{Heap before GC invocations=16 (full 0):
 garbage-first heap   total 150528K, used 100735K [0x0000000081e00000, 0x0000000100000000)
  region size 1024K, 51 young (52224K), 8 survivors (8192K)
 Metaspace       used 36286K, committed 36672K, reserved 1081344K
  class space    used 4699K, committed 4864K, reserved 1048576K
}
Event: 6.172 GC heap after
{Heap after GC invocations=17 (full 0):
 garbage-first heap   total 150528K, used 68107K [0x0000000081e00000, 0x0000000100000000)
  region size 1024K, 7 young (7168K), 7 survivors (7168K)
 Metaspace       used 36286K, committed 36672K, reserved 1081344K
  class space    used 4699K, committed 4864K, reserved 1048576K
}
Event: 6.204 GC heap before
{Heap before GC invocations=17 (full 0):
 garbage-first heap   total 150528K, used 104971K [0x0000000081e00000, 0x0000000100000000)
  region size 1024K, 44 young (45056K), 7 survivors (7168K)
 Metaspace       used 36437K, committed 36800K, reserved 1081344K
  class space    used 4707K, committed 4864K, reserved 1048576K
}
Event: 6.211 GC heap after
{Heap after GC invocations=18 (full 0):
 garbage-first heap   total 150528K, used 71877K [0x0000000081e00000, 0x0000000100000000)
  region size 1024K, 3 young (3072K), 3 survivors (3072K)
 Metaspace       used 36437K, committed 36800K, reserved 1081344K
  class space    used 4707K, committed 4864K, reserved 1048576K
}
Event: 6.264 GC heap before
{Heap before GC invocations=18 (full 0):
 garbage-first heap   total 150528K, used 110789K [0x0000000081e00000, 0x0000000100000000)
  region size 1024K, 42 young (43008K), 3 survivors (3072K)
 Metaspace       used 36582K, committed 36928K, reserved 1081344K
  class space    used 4712K, committed 4864K, reserved 1048576K
}

