# JRE version: OpenJDK Runtime Environment Temurin-17.0.5+8 (17.0.5+8) (build 17.0.5+8)
# Java VM: OpenJDK 64-Bit Server VM Temurin-17.0.5+8 (17.0.5+8, mixed mode, emulated-client, tiered, compressed oops, compressed class ptrs, g1 gc, windows-amd64)
GC Precious Log:
 CPUs: 8 total, 8 available
 Memory: 8067M
 Large Page Support: Disabled
 NUMA Support: Disabled
 Compressed Oops: Enabled (32-bit)
 Heap Region Size: 1M
 Heap Min Capacity: 8M
 Heap Initial Capacity: 128M
 Heap Max Capacity: 2018M
 Pre-touch: Disabled
 Parallel Workers: 8
 Concurrent Workers: 2
 Concurrent Refinement Workers: 8
 Periodic GC: Disabled
Heap:
 garbage-first heap   total 348160K, used 112402K [0x0000000081e00000, 0x0000000100000000)
  region size 1024K, 16 young (16384K), 16 survivors (16384K)
 Metaspace       used 41974K, committed 42304K, reserved 1089536K
  class space    used 5213K, committed 5376K, reserved 1048576K
GC Heap History (20 events):
Event: 3.337 GC heap after
{Heap after GC invocations=20 (full 0):
 garbage-first heap   total 87040K, used 58827K [0x0000000081e00000, 0x0000000100000000)
  region size 1024K, 2 young (2048K), 2 survivors (2048K)
 Metaspace       used 38235K, committed 38528K, reserved 1089536K
  class space    used 4827K, committed 4928K, reserved 1048576K
}
Event: 3.392 GC heap before
{Heap before GC invocations=20 (full 0):
 garbage-first heap   total 87040K, used 59851K [0x0000000081e00000, 0x0000000100000000)
  region size 1024K, 4 young (4096K), 2 survivors (2048K)
 Metaspace       used 38235K, committed 38528K, reserved 1089536K
  class space    used 4827K, committed 4928K, reserved 1048576K
}
Event: 3.397 GC heap after
{Heap after GC invocations=21 (full 0):
 garbage-first heap   total 174080K, used 59939K [0x0000000081e00000, 0x0000000100000000)
  region size 1024K, 1 young (1024K), 1 survivors (1024K)
 Metaspace       used 38235K, committed 38528K, reserved 1089536K
  class space    used 4827K, committed 4928K, reserved 1048576K
}
Event: 3.641 GC heap before
{Heap before GC invocations=21 (full 0):
 garbage-first heap   total 174080K, used 123427K [0x0000000081e00000, 0x0000000100000000)
  region size 1024K, 62 young (63488K), 1 survivors (1024K)
 Metaspace       used 38463K, committed 38848K, reserved 1089536K
  class space    used 4869K, committed 5056K, reserved 1048576K
}
Event: 3.671 GC heap after
{Heap after GC invocations=22 (full 0):
 garbage-first heap   total 174080K, used 80811K [0x0000000081e00000, 0x0000000100000000)
  region size 1024K, 8 young (8192K), 8 survivors (8192K)
 Metaspace       used 38463K, committed 38848K, reserved 1089536K
  class space    used 4869K, committed 5056K, reserved 1048576K
}
Event: 3.697 GC heap before
{Heap before GC invocations=22 (full 0):
 garbage-first heap   total 174080K, used 117675K [0x0000000081e00000, 0x0000000100000000)
  region size 1024K, 45 young (46080K), 8 survivors (8192K)
 Metaspace       used 38479K, committed 38848K, reserved 1089536K
  class space    used 4872K, committed 5056K, reserved 1048576K
}
Event: 3.703 GC heap after
{Heap after GC invocations=23 (full 0):
 garbage-first heap   total 174080K, used 83554K [0x0000000081e00000, 0x0000000100000000)
  region size 1024K, 2 young (2048K), 2 survivors (2048K)
 Metaspace       used 38479K, committed 38848K, reserved 1089536K
  class space    used 4872K, committed 5056K, reserved 1048576K
}
Event: 3.731 GC heap before
{Heap before GC invocations=23 (full 0):
 garbage-first heap   total 174080K, used 122466K [0x0000000081e00000, 0x0000000100000000)
  region size 1024K, 41 young (41984K), 2 survivors (2048K)
 Metaspace       used 38538K, committed 38912K, reserved 1089536K
  class space    used 4882K, committed 5056K, reserved 1048576K
}
Event: 3.733 GC heap after
{Heap after GC invocations=24 (full 0):
 garbage-first heap   total 174080K, used 85062K [0x0000000081e00000, 0x0000000100000000)
  region size 1024K, 4 young (4096K), 4 survivors (4096K)
 Metaspace       used 38538K, committed 38912K, reserved 1089536K
  class space    used 4882K, committed 5056K, reserved 1048576K
}
Event: 3.769 GC heap before
{Heap before GC invocations=24 (full 0):
 garbage-first heap   total 174080K, used 128070K [0x0000000081e00000, 0x0000000100000000)
  region size 1024K, 47 young (48128K), 4 survivors (4096K)
 Metaspace       used 38550K, committed 38912K, reserved 1089536K
  class space    used 4888K, committed 5056K, reserved 1048576K
}
Event: 3.775 GC heap after
{Heap after GC invocations=25 (full 0):
 garbage-first heap   total 348160K, used 87050K [0x0000000081e00000, 0x0000000100000000)
  region size 1024K, 4 young (4096K), 4 survivors (4096K)
 Metaspace       used 38550K, committed 38912K, reserved 1089536K
  class space    used 4888K, committed 5056K, reserved 1048576K
}
Event: 3.887 GC heap before
{Heap before GC invocations=26 (full 0):
 garbage-first heap   total 348160K, used 221194K [0x0000000081e00000, 0x0000000100000000)
  region size 1024K, 137 young (140288K), 4 survivors (4096K)
 Metaspace       used 38809K, committed 39168K, reserved 1089536K
  class space    used 4914K, committed 5120K, reserved 1048576K
}
Event: 3.894 GC heap after
{Heap after GC invocations=27 (full 0):
 garbage-first heap   total 348160K, used 91595K [0x0000000081e00000, 0x0000000100000000)
  region size 1024K, 10 young (10240K), 10 survivors (10240K)
 Metaspace       used 38809K, committed 39168K, reserved 1089536K
  class space    used 4914K, committed 5120K, reserved 1048576K
}
Event: 3.912 GC heap before
{Heap before GC invocations=27 (full 0):
 garbage-first heap   total 348160K, used 97739K [0x0000000081e00000, 0x0000000100000000)
  region size 1024K, 17 young (17408K), 10 survivors (10240K)
 Metaspace       used 38931K, committed 39360K, reserved 1089536K
  class space    used 4925K, committed 5120K, reserved 1048576K
}
Event: 3.918 GC heap after
{Heap after GC invocations=28 (full 0):
 garbage-first heap   total 348160K, used 90257K [0x0000000081e00000, 0x0000000100000000)
  region size 1024K, 2 young (2048K), 2 survivors (2048K)
 Metaspace       used 38931K, committed 39360K, reserved 1089536K
  class space    used 4925K, committed 5120K, reserved 1048576K
}
Event: 3.982 GC heap before
{Heap before GC invocations=28 (full 0):
 garbage-first heap   total 348160K, used 261265K [0x0000000081e00000, 0x0000000100000000)
  region size 1024K, 170 young (174080K), 2 survivors (2048K)
 Metaspace       used 38991K, committed 39360K, reserved 1089536K
  class space    used 4932K, committed 5120K, reserved 1048576K
}
Event: 3.986 GC heap after
{Heap after GC invocations=29 (full 0):
 garbage-first heap   total 348160K, used 96700K [0x0000000081e00000, 0x0000000100000000)
  region size 1024K, 8 young (8192K), 8 survivors (8192K)
 Metaspace       used 38991K, committed 39360K, reserved 1089536K
  class space    used 4932K, committed 5120K, reserved 1048576K
}
Event: 4.057 GC heap before
{Heap before GC invocations=29 (full 0):
 garbage-first heap   total 348160K, used 267708K [0x0000000081e00000, 0x0000000100000000)
  region size 1024K, 176 young (180224K), 8 survivors (8192K)
 Metaspace       used 39657K, committed 40000K, reserved 1089536K
  class space    used 4993K, committed 5184K, reserved 1048576K
}
Event: 4.065 GC heap after
{Heap after GC invocations=30 (full 0):
 garbage-first heap   total 348160K, used 104244K [0x0000000081e00000, 0x0000000100000000)
  region size 1024K, 15 young (15360K), 15 survivors (15360K)
 Metaspace       used 39657K, committed 40000K, reserved 1089536K
  class space    used 4993K, committed 5184K, reserved 1048576K
}
Event: 4.202 GC heap before
{Heap before GC invocations=30 (full 0):
 garbage-first heap   total 348160K, used 275252K [0x0000000081e00000, 0x0000000100000000)
  region size 1024K, 183 young (187392K), 15 survivors (15360K)
 Metaspace       used 41974K, committed 42304K, reserved 1089536K
  class space    used 5213K, committed 5376K, reserved 1048576K
}

