# JRE version: OpenJDK Runtime Environment Temurin-17.0.5+8 (17.0.5+8) (build 17.0.5+8)
# Java VM: OpenJDK 64-Bit Server VM Temurin-17.0.5+8 (17.0.5+8, mixed mode, emulated-client, tiered, compressed oops, compressed class ptrs, g1 gc, windows-amd64)
GC Precious Log:
 CPUs: 8 total, 8 available
 Memory: 8067M
 Large Page Support: Disabled
 NUMA Support: Disabled
 Compressed Oops: Enabled (32-bit)
 Heap Region Size: 1M
 Heap Min Capacity: 8M
 Heap Initial Capacity: 128M
 Heap Max Capacity: 2018M
 Pre-touch: Disabled
 Parallel Workers: 8
 Concurrent Workers: 2
 Concurrent Refinement Workers: 8
 Periodic GC: Disabled
Heap:
 garbage-first heap   total 86016K, used 25197K [0x0000000081e00000, 0x0000000100000000)
  region size 1024K, 1 young (1024K), 0 survivors (0K)
 Metaspace       used 44667K, committed 45056K, reserved 1089536K
  class space    used 6275K, committed 6464K, reserved 1048576K
GC Heap History (20 events):
Event: 4600.418 GC heap before
{Heap before GC invocations=154 (full 111):
 garbage-first heap   total 86016K, used 25197K [0x0000000081e00000, 0x0000000100000000)
  region size 1024K, 1 young (1024K), 0 survivors (0K)
 Metaspace       used 44663K, committed 45056K, reserved 1089536K
  class space    used 6274K, committed 6464K, reserved 1048576K
}
Event: 4600.460 GC heap after
{Heap after GC invocations=155 (full 112):
 garbage-first heap   total 86016K, used 25197K [0x0000000081e00000, 0x0000000100000000)
  region size 1024K, 0 young (0K), 0 survivors (0K)
 Metaspace       used 44663K, committed 45056K, reserved 1089536K
  class space    used 6274K, committed 6464K, reserved 1048576K
}
Event: 4610.963 GC heap before
{Heap before GC invocations=155 (full 112):
 garbage-first heap   total 86016K, used 25197K [0x0000000081e00000, 0x0000000100000000)
  region size 1024K, 1 young (1024K), 0 survivors (0K)
 Metaspace       used 44663K, committed 45056K, reserved 1089536K
  class space    used 6274K, committed 6464K, reserved 1048576K
}
Event: 4611.023 GC heap after
{Heap after GC invocations=156 (full 113):
 garbage-first heap   total 86016K, used 25197K [0x0000000081e00000, 0x0000000100000000)
  region size 1024K, 0 young (0K), 0 survivors (0K)
 Metaspace       used 44663K, committed 45056K, reserved 1089536K
  class space    used 6274K, committed 6464K, reserved 1048576K
}
Event: 4621.459 GC heap before
{Heap before GC invocations=156 (full 113):
 garbage-first heap   total 86016K, used 25197K [0x0000000081e00000, 0x0000000100000000)
  region size 1024K, 1 young (1024K), 0 survivors (0K)
 Metaspace       used 44663K, committed 45056K, reserved 1089536K
  class space    used 6274K, committed 6464K, reserved 1048576K
}
Event: 4621.528 GC heap after
{Heap after GC invocations=157 (full 114):
 garbage-first heap   total 86016K, used 25197K [0x0000000081e00000, 0x0000000100000000)
  region size 1024K, 0 young (0K), 0 survivors (0K)
 Metaspace       used 44663K, committed 45056K, reserved 1089536K
  class space    used 6274K, committed 6464K, reserved 1048576K
}
Event: 4661.745 GC heap before
{Heap before GC invocations=157 (full 114):
 garbage-first heap   total 86016K, used 26221K [0x0000000081e00000, 0x0000000100000000)
  region size 1024K, 2 young (2048K), 0 survivors (0K)
 Metaspace       used 44667K, committed 45056K, reserved 1089536K
  class space    used 6275K, committed 6464K, reserved 1048576K
}
Event: 4661.775 GC heap after
{Heap after GC invocations=158 (full 115):
 garbage-first heap   total 86016K, used 25197K [0x0000000081e00000, 0x0000000100000000)
  region size 1024K, 0 young (0K), 0 survivors (0K)
 Metaspace       used 44667K, committed 45056K, reserved 1089536K
  class space    used 6275K, committed 6464K, reserved 1048576K
}
Event: 4671.929 GC heap before
{Heap before GC invocations=158 (full 115):
 garbage-first heap   total 86016K, used 25197K [0x0000000081e00000, 0x0000000100000000)
  region size 1024K, 1 young (1024K), 0 survivors (0K)
 Metaspace       used 44667K, committed 45056K, reserved 1089536K
  class space    used 6275K, committed 6464K, reserved 1048576K
}
Event: 4671.966 GC heap after
{Heap after GC invocations=159 (full 116):
 garbage-first heap   total 86016K, used 25197K [0x0000000081e00000, 0x0000000100000000)
  region size 1024K, 0 young (0K), 0 survivors (0K)
 Metaspace       used 44667K, committed 45056K, reserved 1089536K
  class space    used 6275K, committed 6464K, reserved 1048576K
}
Event: 4682.110 GC heap before
{Heap before GC invocations=159 (full 116):
 garbage-first heap   total 86016K, used 25197K [0x0000000081e00000, 0x0000000100000000)
  region size 1024K, 1 young (1024K), 0 survivors (0K)
 Metaspace       used 44667K, committed 45056K, reserved 1089536K
  class space    used 6275K, committed 6464K, reserved 1048576K
}
Event: 4682.148 GC heap after
{Heap after GC invocations=160 (full 117):
 garbage-first heap   total 86016K, used 25197K [0x0000000081e00000, 0x0000000100000000)
  region size 1024K, 0 young (0K), 0 survivors (0K)
 Metaspace       used 44667K, committed 45056K, reserved 1089536K
  class space    used 6275K, committed 6464K, reserved 1048576K
}
Event: 4692.287 GC heap before
{Heap before GC invocations=160 (full 117):
 garbage-first heap   total 86016K, used 25197K [0x0000000081e00000, 0x0000000100000000)
  region size 1024K, 1 young (1024K), 0 survivors (0K)
 Metaspace       used 44667K, committed 45056K, reserved 1089536K
  class space    used 6275K, committed 6464K, reserved 1048576K
}
Event: 4692.328 GC heap after
{Heap after GC invocations=161 (full 118):
 garbage-first heap   total 86016K, used 25197K [0x0000000081e00000, 0x0000000100000000)
  region size 1024K, 0 young (0K), 0 survivors (0K)
 Metaspace       used 44667K, committed 45056K, reserved 1089536K
  class space    used 6275K, committed 6464K, reserved 1048576K
}
Event: 4702.517 GC heap before
{Heap before GC invocations=161 (full 118):
 garbage-first heap   total 86016K, used 25197K [0x0000000081e00000, 0x0000000100000000)
  region size 1024K, 1 young (1024K), 0 survivors (0K)
 Metaspace       used 44667K, committed 45056K, reserved 1089536K
  class space    used 6275K, committed 6464K, reserved 1048576K
}
Event: 4702.559 GC heap after
{Heap after GC invocations=162 (full 119):
 garbage-first heap   total 86016K, used 25197K [0x0000000081e00000, 0x0000000100000000)
  region size 1024K, 0 young (0K), 0 survivors (0K)
 Metaspace       used 44667K, committed 45056K, reserved 1089536K
  class space    used 6275K, committed 6464K, reserved 1048576K
}
Event: 4712.798 GC heap before
{Heap before GC invocations=162 (full 119):
 garbage-first heap   total 86016K, used 25197K [0x0000000081e00000, 0x0000000100000000)
  region size 1024K, 1 young (1024K), 0 survivors (0K)
 Metaspace       used 44667K, committed 45056K, reserved 1089536K
  class space    used 6275K, committed 6464K, reserved 1048576K
}
Event: 4712.841 GC heap after
{Heap after GC invocations=163 (full 120):
 garbage-first heap   total 86016K, used 25197K [0x0000000081e00000, 0x0000000100000000)
  region size 1024K, 0 young (0K), 0 survivors (0K)
 Metaspace       used 44667K, committed 45056K, reserved 1089536K
  class space    used 6275K, committed 6464K, reserved 1048576K
}
Event: 4722.993 GC heap before
{Heap before GC invocations=163 (full 120):
 garbage-first heap   total 86016K, used 25197K [0x0000000081e00000, 0x0000000100000000)
  region size 1024K, 1 young (1024K), 0 survivors (0K)
 Metaspace       used 44667K, committed 45056K, reserved 1089536K
  class space    used 6275K, committed 6464K, reserved 1048576K
}
Event: 4723.023 GC heap after
{Heap after GC invocations=164 (full 121):
 garbage-first heap   total 86016K, used 25197K [0x0000000081e00000, 0x0000000100000000)
  region size 1024K, 0 young (0K), 0 survivors (0K)
 Metaspace       used 44667K, committed 45056K, reserved 1089536K
  class space    used 6275K, committed 6464K, reserved 1048576K
}

