# JRE version: Java(TM) SE Runtime Environment (8.0_202-b08) (build 1.8.0_202-b08)
# Java VM: Java HotSpot(TM) 64-Bit Server VM (25.202-b08 mixed mode windows-amd64 compressed oops)
Heap:
 PSYoungGen      total 138240K, used 35506K [0x00000000d5f80000, 0x00000000e1880000, 0x0000000100000000)
  eden space 126976K, 19% used [0x00000000d5f80000,0x00000000d772df08,0x00000000ddb80000)
  from space 11264K, 99% used [0x00000000ddb80000,0x00000000de67ec00,0x00000000de680000)
  to   space 15872K, 0% used [0x00000000e0900000,0x00000000e0900000,0x00000000e1880000)
 ParOldGen       total 104960K, used 21211K [0x0000000081e00000, 0x0000000088480000, 0x00000000d5f80000)
  object space 104960K, 20% used [0x0000000081e00000,0x00000000832b6d70,0x0000000088480000)
 Metaspace       used 53575K, capacity 56682K, committed 56912K, reserved 1099776K
  class space    used 7420K, capacity 7942K, committed 8064K, reserved 1048576K
GC Heap History (10 events):
Event: 3.648 GC heap before
{Heap before GC invocations=8 (full 2):
 PSYoungGen      total 61952K, used 56832K [0x00000000d5f80000, 0x00000000dd200000, 0x0000000100000000)
  eden space 56832K, 100% used [0x00000000d5f80000,0x00000000d9700000,0x00000000d9700000)
  from space 5120K, 0% used [0x00000000d9700000,0x00000000d9700000,0x00000000d9c00000)
  to   space 7168K, 0% used [0x00000000dcb00000,0x00000000dcb00000,0x00000000dd200000)
 ParOldGen       total 74240K, used 8695K [0x0000000081e00000, 0x0000000086680000, 0x00000000d5f80000)
  object space 74240K, 11% used [0x0000000081e00000,0x000000008267dd08,0x0000000086680000)
 Metaspace       used 22529K, capacity 23452K, committed 23676K, reserved 1071104K
  class space    used 2934K, capacity 3159K, committed 3200K, reserved 1048576K
Event: 3.651 GC heap after
Heap after GC invocations=8 (full 2):
 PSYoungGen      total 90112K, used 3082K [0x00000000d5f80000, 0x00000000dce80000, 0x0000000100000000)
  eden space 86528K, 0% used [0x00000000d5f80000,0x00000000d5f80000,0x00000000db400000)
  from space 3584K, 86% used [0x00000000dcb00000,0x00000000dce02ad0,0x00000000dce80000)
  to   space 6656K, 0% used [0x00000000dc180000,0x00000000dc180000,0x00000000dc800000)
 ParOldGen       total 74240K, used 8703K [0x0000000081e00000, 0x0000000086680000, 0x00000000d5f80000)
  object space 74240K, 11% used [0x0000000081e00000,0x000000008267fd08,0x0000000086680000)
 Metaspace       used 22529K, capacity 23452K, committed 23676K, reserved 1071104K
  class space    used 2934K, capacity 3159K, committed 3200K, reserved 1048576K
}
Event: 4.921 GC heap before
{Heap before GC invocations=9 (full 2):
 PSYoungGen      total 90112K, used 89610K [0x00000000d5f80000, 0x00000000dce80000, 0x0000000100000000)
  eden space 86528K, 100% used [0x00000000d5f80000,0x00000000db400000,0x00000000db400000)
  from space 3584K, 86% used [0x00000000dcb00000,0x00000000dce02ad0,0x00000000dce80000)
  to   space 6656K, 0% used [0x00000000dc180000,0x00000000dc180000,0x00000000dc800000)
 ParOldGen       total 74240K, used 8703K [0x0000000081e00000, 0x0000000086680000, 0x00000000d5f80000)
  object space 74240K, 11% used [0x0000000081e00000,0x000000008267fd08,0x0000000086680000)
 Metaspace       used 27873K, capacity 29342K, committed 29564K, reserved 1075200K
  class space    used 3645K, capacity 3937K, committed 3968K, reserved 1048576K
Event: 4.933 GC heap after
Heap after GC invocations=9 (full 2):
 PSYoungGen      total 107008K, used 6637K [0x00000000d5f80000, 0x00000000def80000, 0x0000000100000000)
  eden space 100352K, 0% used [0x00000000d5f80000,0x00000000d5f80000,0x00000000dc180000)
  from space 6656K, 99% used [0x00000000dc180000,0x00000000dc7fb6c8,0x00000000dc800000)
  to   space 9216K, 0% used [0x00000000de680000,0x00000000de680000,0x00000000def80000)
 ParOldGen       total 74240K, used 11510K [0x0000000081e00000, 0x0000000086680000, 0x00000000d5f80000)
  object space 74240K, 15% used [0x0000000081e00000,0x000000008293d968,0x0000000086680000)
 Metaspace       used 27873K, capacity 29342K, committed 29564K, reserved 1075200K
  class space    used 3645K, capacity 3937K, committed 3968K, reserved 1048576K
}
Event: 6.345 GC heap before
{Heap before GC invocations=10 (full 2):
 PSYoungGen      total 107008K, used 94336K [0x00000000d5f80000, 0x00000000def80000, 0x0000000100000000)
  eden space 100352K, 87% used [0x00000000d5f80000,0x00000000db524aa0,0x00000000dc180000)
  from space 6656K, 99% used [0x00000000dc180000,0x00000000dc7fb6c8,0x00000000dc800000)
  to   space 9216K, 0% used [0x00000000de680000,0x00000000de680000,0x00000000def80000)
 ParOldGen       total 74240K, used 11510K [0x0000000081e00000, 0x0000000086680000, 0x00000000d5f80000)
  object space 74240K, 15% used [0x0000000081e00000,0x000000008293d968,0x0000000086680000)
 Metaspace       used 33812K, capacity 35920K, committed 36048K, reserved 1081344K
  class space    used 4432K, capacity 4814K, committed 4864K, reserved 1048576K
Event: 6.355 GC heap after
Heap after GC invocations=10 (full 2):
 PSYoungGen      total 136192K, used 9208K [0x00000000d5f80000, 0x00000000e0380000, 0x0000000100000000)
  eden space 126976K, 0% used [0x00000000d5f80000,0x00000000d5f80000,0x00000000ddb80000)
  from space 9216K, 99% used [0x00000000de680000,0x00000000def7e100,0x00000000def80000)
  to   space 11264K, 0% used [0x00000000ddb80000,0x00000000ddb80000,0x00000000de680000)
 ParOldGen       total 74240K, used 13304K [0x0000000081e00000, 0x0000000086680000, 0x00000000d5f80000)
  object space 74240K, 17% used [0x0000000081e00000,0x0000000082afe3f0,0x0000000086680000)
 Metaspace       used 33812K, capacity 35920K, committed 36048K, reserved 1081344K
  class space    used 4432K, capacity 4814K, committed 4864K, reserved 1048576K
}
Event: 6.355 GC heap before
{Heap before GC invocations=11 (full 3):
 PSYoungGen      total 136192K, used 9208K [0x00000000d5f80000, 0x00000000e0380000, 0x0000000100000000)
  eden space 126976K, 0% used [0x00000000d5f80000,0x00000000d5f80000,0x00000000ddb80000)
  from space 9216K, 99% used [0x00000000de680000,0x00000000def7e100,0x00000000def80000)
  to   space 11264K, 0% used [0x00000000ddb80000,0x00000000ddb80000,0x00000000de680000)
 ParOldGen       total 74240K, used 13304K [0x0000000081e00000, 0x0000000086680000, 0x00000000d5f80000)
  object space 74240K, 17% used [0x0000000081e00000,0x0000000082afe3f0,0x0000000086680000)
 Metaspace       used 33812K, capacity 35920K, committed 36048K, reserved 1081344K
  class space    used 4432K, capacity 4814K, committed 4864K, reserved 1048576K
Event: 6.420 GC heap after
Heap after GC invocations=11 (full 3):
 PSYoungGen      total 136192K, used 0K [0x00000000d5f80000, 0x00000000e0380000, 0x0000000100000000)
  eden space 126976K, 0% used [0x00000000d5f80000,0x00000000d5f80000,0x00000000ddb80000)
  from space 9216K, 0% used [0x00000000de680000,0x00000000de680000,0x00000000def80000)
  to   space 11264K, 0% used [0x00000000ddb80000,0x00000000ddb80000,0x00000000de680000)
 ParOldGen       total 104960K, used 14666K [0x0000000081e00000, 0x0000000088480000, 0x00000000d5f80000)
  object space 104960K, 13% used [0x0000000081e00000,0x0000000082c52ad0,0x0000000088480000)
 Metaspace       used 33812K, capacity 35920K, committed 36048K, reserved 1081344K
  class space    used 4432K, capacity 4814K, committed 4864K, reserved 1048576K
}
Event: 8.692 GC heap before
{Heap before GC invocations=12 (full 3):
 PSYoungGen      total 136192K, used 126976K [0x00000000d5f80000, 0x00000000e0380000, 0x0000000100000000)
  eden space 126976K, 100% used [0x00000000d5f80000,0x00000000ddb80000,0x00000000ddb80000)
  from space 9216K, 0% used [0x00000000de680000,0x00000000de680000,0x00000000def80000)
  to   space 11264K, 0% used [0x00000000ddb80000,0x00000000ddb80000,0x00000000de680000)
 ParOldGen       total 104960K, used 14666K [0x0000000081e00000, 0x0000000088480000, 0x00000000d5f80000)
  object space 104960K, 13% used [0x0000000081e00000,0x0000000082c52ad0,0x0000000088480000)
 Metaspace       used 51109K, capacity 53776K, committed 53968K, reserved 1095680K
  class space    used 7084K, capacity 7551K, committed 7680K, reserved 1048576K
Event: 8.712 GC heap after
Heap after GC invocations=12 (full 3):
 PSYoungGen      total 138240K, used 11259K [0x00000000d5f80000, 0x00000000e1880000, 0x0000000100000000)
  eden space 126976K, 0% used [0x00000000d5f80000,0x00000000d5f80000,0x00000000ddb80000)
  from space 11264K, 99% used [0x00000000ddb80000,0x00000000de67ec00,0x00000000de680000)
  to   space 15872K, 0% used [0x00000000e0900000,0x00000000e0900000,0x00000000e1880000)
 ParOldGen       total 104960K, used 21211K [0x0000000081e00000, 0x0000000088480000, 0x00000000d5f80000)
  object space 104960K, 20% used [0x0000000081e00000,0x00000000832b6d70,0x0000000088480000)
 Metaspace       used 51109K, capacity 53776K, committed 53968K, reserved 1095680K
  class space    used 7084K, capacity 7551K, committed 7680K, reserved 1048576K
}

