# JRE version: Java(TM) SE Runtime Environment (8.0_202-b08) (build 1.8.0_202-b08)
# Java VM: Java HotSpot(TM) 64-Bit Server VM (25.202-b08 mixed mode windows-amd64 compressed oops)
Heap:
 PSYoungGen      total 241664K, used 108911K [0x00000000d5f80000, 0x00000000e6380000, 0x0000000100000000)
  eden space 228864K, 47% used [0x00000000d5f80000,0x00000000dc9dbcf8,0x00000000e3f00000)
  from space 12800K, 0% used [0x00000000e4b00000,0x00000000e4b00000,0x00000000e5780000)
  to   space 12288K, 0% used [0x00000000e3f00000,0x00000000e3f00000,0x00000000e4b00000)
 ParOldGen       total 59904K, used 12224K [0x0000000081e00000, 0x0000000085880000, 0x00000000d5f80000)
  object space 59904K, 20% used [0x0000000081e00000,0x00000000829f0118,0x0000000085880000)
 Metaspace       used 47689K, capacity 50214K, committed 50344K, reserved 1093632K
  class space    used 6562K, capacity 7003K, committed 7080K, reserved 1048576K
GC Heap History (10 events):
Event: 2.963 GC heap before
{Heap before GC invocations=6 (full 1):
 PSYoungGen      total 71680K, used 5104K [0x00000000d5f80000, 0x00000000df280000, 0x0000000100000000)
  eden space 66560K, 0% used [0x00000000d5f80000,0x00000000d5f80000,0x00000000da080000)
  from space 5120K, 99% used [0x00000000da080000,0x00000000da57c010,0x00000000da580000)
  to   space 8704K, 0% used [0x00000000dea00000,0x00000000dea00000,0x00000000df280000)
 ParOldGen       total 87552K, used 5140K [0x0000000081e00000, 0x0000000087380000, 0x00000000d5f80000)
  object space 87552K, 5% used [0x0000000081e00000,0x00000000823053d8,0x0000000087380000)
 Metaspace       used 20253K, capacity 21124K, committed 21296K, reserved 1067008K
  class space    used 2617K, capacity 2827K, committed 2944K, reserved 1048576K
Event: 2.990 GC heap after
Heap after GC invocations=6 (full 1):
 PSYoungGen      total 71680K, used 0K [0x00000000d5f80000, 0x00000000df280000, 0x0000000100000000)
  eden space 66560K, 0% used [0x00000000d5f80000,0x00000000d5f80000,0x00000000da080000)
  from space 5120K, 0% used [0x00000000da080000,0x00000000da080000,0x00000000da580000)
  to   space 8704K, 0% used [0x00000000dea00000,0x00000000dea00000,0x00000000df280000)
 ParOldGen       total 46080K, used 5454K [0x0000000081e00000, 0x0000000084b00000, 0x00000000d5f80000)
  object space 46080K, 11% used [0x0000000081e00000,0x00000000823538c0,0x0000000084b00000)
 Metaspace       used 20253K, capacity 21124K, committed 21296K, reserved 1067008K
  class space    used 2617K, capacity 2827K, committed 2944K, reserved 1048576K
}
Event: 3.297 GC heap before
{Heap before GC invocations=7 (full 1):
 PSYoungGen      total 71680K, used 66560K [0x00000000d5f80000, 0x00000000df280000, 0x0000000100000000)
  eden space 66560K, 100% used [0x00000000d5f80000,0x00000000da080000,0x00000000da080000)
  from space 5120K, 0% used [0x00000000da080000,0x00000000da080000,0x00000000da580000)
  to   space 8704K, 0% used [0x00000000dea00000,0x00000000dea00000,0x00000000df280000)
 ParOldGen       total 46080K, used 5454K [0x0000000081e00000, 0x0000000084b00000, 0x00000000d5f80000)
  object space 46080K, 11% used [0x0000000081e00000,0x00000000823538c0,0x0000000084b00000)
 Metaspace       used 23255K, capacity 24258K, committed 24576K, reserved 1071104K
  class space    used 2992K, capacity 3227K, committed 3328K, reserved 1048576K
Event: 3.303 GC heap after
Heap after GC invocations=7 (full 1):
 PSYoungGen      total 129024K, used 4470K [0x00000000d5f80000, 0x00000000dee80000, 0x0000000100000000)
  eden space 124416K, 0% used [0x00000000d5f80000,0x00000000d5f80000,0x00000000dd900000)
  from space 4608K, 97% used [0x00000000dea00000,0x00000000dee5db80,0x00000000dee80000)
  to   space 8704K, 0% used [0x00000000ddd80000,0x00000000ddd80000,0x00000000de600000)
 ParOldGen       total 46080K, used 5462K [0x0000000081e00000, 0x0000000084b00000, 0x00000000d5f80000)
  object space 46080K, 11% used [0x0000000081e00000,0x00000000823558c0,0x0000000084b00000)
 Metaspace       used 23255K, capacity 24258K, committed 24576K, reserved 1071104K
  class space    used 2992K, capacity 3227K, committed 3328K, reserved 1048576K
}
Event: 6.252 GC heap before
{Heap before GC invocations=8 (full 1):
 PSYoungGen      total 129024K, used 128886K [0x00000000d5f80000, 0x00000000dee80000, 0x0000000100000000)
  eden space 124416K, 100% used [0x00000000d5f80000,0x00000000dd900000,0x00000000dd900000)
  from space 4608K, 97% used [0x00000000dea00000,0x00000000dee5db80,0x00000000dee80000)
  to   space 8704K, 0% used [0x00000000ddd80000,0x00000000ddd80000,0x00000000de600000)
 ParOldGen       total 46080K, used 5462K [0x0000000081e00000, 0x0000000084b00000, 0x00000000d5f80000)
  object space 46080K, 11% used [0x0000000081e00000,0x00000000823558c0,0x0000000084b00000)
 Metaspace       used 33059K, capacity 35146K, committed 35456K, reserved 1079296K
  class space    used 4350K, capacity 4710K, committed 4736K, reserved 1048576K
Event: 6.267 GC heap after
Heap after GC invocations=8 (full 1):
 PSYoungGen      total 137728K, used 8698K [0x00000000d5f80000, 0x00000000e5780000, 0x0000000100000000)
  eden space 129024K, 0% used [0x00000000d5f80000,0x00000000d5f80000,0x00000000ddd80000)
  from space 8704K, 99% used [0x00000000ddd80000,0x00000000de5feb58,0x00000000de600000)
  to   space 12800K, 0% used [0x00000000e4b00000,0x00000000e4b00000,0x00000000e5780000)
 ParOldGen       total 46080K, used 11227K [0x0000000081e00000, 0x0000000084b00000, 0x00000000d5f80000)
  object space 46080K, 24% used [0x0000000081e00000,0x00000000828f6dd0,0x0000000084b00000)
 Metaspace       used 33059K, capacity 35146K, committed 35456K, reserved 1079296K
  class space    used 4350K, capacity 4710K, committed 4736K, reserved 1048576K
}
Event: 6.316 GC heap before
{Heap before GC invocations=9 (full 1):
 PSYoungGen      total 137728K, used 44815K [0x00000000d5f80000, 0x00000000e5780000, 0x0000000100000000)
  eden space 129024K, 27% used [0x00000000d5f80000,0x00000000d82c5488,0x00000000ddd80000)
  from space 8704K, 99% used [0x00000000ddd80000,0x00000000de5feb58,0x00000000de600000)
  to   space 12800K, 0% used [0x00000000e4b00000,0x00000000e4b00000,0x00000000e5780000)
 ParOldGen       total 46080K, used 11227K [0x0000000081e00000, 0x0000000084b00000, 0x00000000d5f80000)
  object space 46080K, 24% used [0x0000000081e00000,0x00000000828f6dd0,0x0000000084b00000)
 Metaspace       used 33310K, capacity 35396K, committed 35496K, reserved 1079296K
  class space    used 4383K, capacity 4747K, committed 4776K, reserved 1048576K
Event: 6.323 GC heap after
Heap after GC invocations=9 (full 1):
 PSYoungGen      total 241664K, used 7341K [0x00000000d5f80000, 0x00000000e6380000, 0x0000000100000000)
  eden space 228864K, 0% used [0x00000000d5f80000,0x00000000d5f80000,0x00000000e3f00000)
  from space 12800K, 57% used [0x00000000e4b00000,0x00000000e522b790,0x00000000e5780000)
  to   space 12288K, 0% used [0x00000000e3f00000,0x00000000e3f00000,0x00000000e4b00000)
 ParOldGen       total 46080K, used 11227K [0x0000000081e00000, 0x0000000084b00000, 0x00000000d5f80000)
  object space 46080K, 24% used [0x0000000081e00000,0x00000000828f6dd0,0x0000000084b00000)
 Metaspace       used 33310K, capacity 35396K, committed 35496K, reserved 1079296K
  class space    used 4383K, capacity 4747K, committed 4776K, reserved 1048576K
}
Event: 6.323 GC heap before
{Heap before GC invocations=10 (full 2):
 PSYoungGen      total 241664K, used 7341K [0x00000000d5f80000, 0x00000000e6380000, 0x0000000100000000)
  eden space 228864K, 0% used [0x00000000d5f80000,0x00000000d5f80000,0x00000000e3f00000)
  from space 12800K, 57% used [0x00000000e4b00000,0x00000000e522b790,0x00000000e5780000)
  to   space 12288K, 0% used [0x00000000e3f00000,0x00000000e3f00000,0x00000000e4b00000)
 ParOldGen       total 46080K, used 11227K [0x0000000081e00000, 0x0000000084b00000, 0x00000000d5f80000)
  object space 46080K, 24% used [0x0000000081e00000,0x00000000828f6dd0,0x0000000084b00000)
 Metaspace       used 33310K, capacity 35396K, committed 35496K, reserved 1079296K
  class space    used 4383K, capacity 4747K, committed 4776K, reserved 1048576K
Event: 6.355 GC heap after
Heap after GC invocations=10 (full 2):
 PSYoungGen      total 241664K, used 0K [0x00000000d5f80000, 0x00000000e6380000, 0x0000000100000000)
  eden space 228864K, 0% used [0x00000000d5f80000,0x00000000d5f80000,0x00000000e3f00000)
  from space 12800K, 0% used [0x00000000e4b00000,0x00000000e4b00000,0x00000000e5780000)
  to   space 12288K, 0% used [0x00000000e3f00000,0x00000000e3f00000,0x00000000e4b00000)
 ParOldGen       total 59904K, used 12224K [0x0000000081e00000, 0x0000000085880000, 0x00000000d5f80000)
  object space 59904K, 20% used [0x0000000081e00000,0x00000000829f0118,0x0000000085880000)
 Metaspace       used 33310K, capacity 35396K, committed 35496K, reserved 1079296K
  class space    used 4383K, capacity 4747K, committed 4776K, reserved 1048576K
}

