# JRE version: OpenJDK Runtime Environment Temurin-17.0.5+8 (17.0.5+8) (build 17.0.5+8)
# Java VM: OpenJDK 64-Bit Server VM Temurin-17.0.5+8 (17.0.5+8, mixed mode, emulated-client, tiered, compressed oops, compressed class ptrs, g1 gc, windows-amd64)
GC Precious Log:
 CPUs: 8 total, 8 available
 Memory: 8067M
 Large Page Support: Disabled
 NUMA Support: Disabled
 Compressed Oops: Enabled (32-bit)
 Heap Region Size: 1M
 Heap Min Capacity: 8M
 Heap Initial Capacity: 128M
 Heap Max Capacity: 2018M
 Pre-touch: Disabled
 Parallel Workers: 8
 Concurrent Workers: 2
 Concurrent Refinement Workers: 8
 Periodic GC: Disabled
Heap:
 garbage-first heap   total 131072K, used 55628K [0x0000000081e00000, 0x0000000100000000)
  region size 1024K, 3 young (3072K), 3 survivors (3072K)
 Metaspace       used 38210K, committed 38528K, reserved 1089536K
  class space    used 4820K, committed 4928K, reserved 1048576K
GC Heap History (20 events):
Event: 1.624 GC heap after
{Heap after GC invocations=6 (full 0):
 garbage-first heap   total 51200K, used 15654K [0x0000000081e00000, 0x0000000100000000)
  region size 1024K, 3 young (3072K), 3 survivors (3072K)
 Metaspace       used 28284K, committed 28544K, reserved 1081344K
  class space    used 3535K, committed 3648K, reserved 1048576K
}
Event: 1.891 GC heap before
{Heap before GC invocations=6 (full 0):
 garbage-first heap   total 51200K, used 35110K [0x0000000081e00000, 0x0000000100000000)
  region size 1024K, 22 young (22528K), 3 survivors (3072K)
 Metaspace       used 32026K, committed 32256K, reserved 1081344K
  class space    used 4056K, committed 4160K, reserved 1048576K
}
Event: 1.894 GC heap after
{Heap after GC invocations=7 (full 0):
 garbage-first heap   total 62464K, used 17782K [0x0000000081e00000, 0x0000000100000000)
  region size 1024K, 2 young (2048K), 2 survivors (2048K)
 Metaspace       used 32026K, committed 32256K, reserved 1081344K
  class space    used 4056K, committed 4160K, reserved 1048576K
}
Event: 2.162 GC heap before
{Heap before GC invocations=7 (full 0):
 garbage-first heap   total 62464K, used 42358K [0x0000000081e00000, 0x0000000100000000)
  region size 1024K, 27 young (27648K), 2 survivors (2048K)
 Metaspace       used 35738K, committed 36096K, reserved 1081344K
  class space    used 4629K, committed 4800K, reserved 1048576K
}
Event: 2.168 GC heap after
{Heap after GC invocations=8 (full 0):
 garbage-first heap   total 62464K, used 20109K [0x0000000081e00000, 0x0000000100000000)
  region size 1024K, 4 young (4096K), 4 survivors (4096K)
 Metaspace       used 35738K, committed 36096K, reserved 1081344K
  class space    used 4629K, committed 4800K, reserved 1048576K
}
Event: 2.192 GC heap before
{Heap before GC invocations=8 (full 0):
 garbage-first heap   total 62464K, used 28301K [0x0000000081e00000, 0x0000000100000000)
  region size 1024K, 13 young (13312K), 4 survivors (4096K)
 Metaspace       used 35954K, committed 36288K, reserved 1081344K
  class space    used 4645K, committed 4800K, reserved 1048576K
}
Event: 2.197 GC heap after
{Heap after GC invocations=9 (full 0):
 garbage-first heap   total 62464K, used 22169K [0x0000000081e00000, 0x0000000100000000)
  region size 1024K, 3 young (3072K), 3 survivors (3072K)
 Metaspace       used 35954K, committed 36288K, reserved 1081344K
  class space    used 4645K, committed 4800K, reserved 1048576K
}
Event: 2.293 GC heap before
{Heap before GC invocations=10 (full 0):
 garbage-first heap   total 62464K, used 43673K [0x0000000081e00000, 0x0000000100000000)
  region size 1024K, 25 young (25600K), 3 survivors (3072K)
 Metaspace       used 36544K, committed 36928K, reserved 1081344K
  class space    used 4689K, committed 4864K, reserved 1048576K
}
Event: 2.296 GC heap after
{Heap after GC invocations=11 (full 0):
 garbage-first heap   total 62464K, used 25959K [0x0000000081e00000, 0x0000000100000000)
  region size 1024K, 4 young (4096K), 4 survivors (4096K)
 Metaspace       used 36544K, committed 36928K, reserved 1081344K
  class space    used 4689K, committed 4864K, reserved 1048576K
}
Event: 2.347 GC heap before
{Heap before GC invocations=11 (full 0):
 garbage-first heap   total 62464K, used 44391K [0x0000000081e00000, 0x0000000100000000)
  region size 1024K, 23 young (23552K), 4 survivors (4096K)
 Metaspace       used 36942K, committed 37248K, reserved 1081344K
  class space    used 4732K, committed 4864K, reserved 1048576K
}
Event: 2.351 GC heap after
{Heap after GC invocations=12 (full 0):
 garbage-first heap   total 62464K, used 29566K [0x0000000081e00000, 0x0000000100000000)
  region size 1024K, 3 young (3072K), 3 survivors (3072K)
 Metaspace       used 36942K, committed 37248K, reserved 1081344K
  class space    used 4732K, committed 4864K, reserved 1048576K
}
Event: 2.436 GC heap before
{Heap before GC invocations=12 (full 0):
 garbage-first heap   total 62464K, used 44926K [0x0000000081e00000, 0x0000000100000000)
  region size 1024K, 19 young (19456K), 3 survivors (3072K)
 Metaspace       used 37590K, committed 37952K, reserved 1089536K
  class space    used 4772K, committed 4928K, reserved 1048576K
}
Event: 2.439 GC heap after
{Heap after GC invocations=13 (full 0):
 garbage-first heap   total 84992K, used 32781K [0x0000000081e00000, 0x0000000100000000)
  region size 1024K, 3 young (3072K), 3 survivors (3072K)
 Metaspace       used 37590K, committed 37952K, reserved 1089536K
  class space    used 4772K, committed 4928K, reserved 1048576K
}
Event: 2.494 GC heap before
{Heap before GC invocations=13 (full 0):
 garbage-first heap   total 84992K, used 60429K [0x0000000081e00000, 0x0000000100000000)
  region size 1024K, 31 young (31744K), 3 survivors (3072K)
 Metaspace       used 38023K, committed 38272K, reserved 1089536K
  class space    used 4802K, committed 4928K, reserved 1048576K
}
Event: 2.500 GC heap after
{Heap after GC invocations=14 (full 0):
 garbage-first heap   total 84992K, used 38924K [0x0000000081e00000, 0x0000000100000000)
  region size 1024K, 4 young (4096K), 4 survivors (4096K)
 Metaspace       used 38023K, committed 38272K, reserved 1089536K
  class space    used 4802K, committed 4928K, reserved 1048576K
}
Event: 2.537 GC heap before
{Heap before GC invocations=14 (full 0):
 garbage-first heap   total 84992K, used 62476K [0x0000000081e00000, 0x0000000100000000)
  region size 1024K, 27 young (27648K), 4 survivors (4096K)
 Metaspace       used 38143K, committed 38464K, reserved 1089536K
  class space    used 4812K, committed 4928K, reserved 1048576K
}
Event: 2.544 GC heap after
{Heap after GC invocations=15 (full 0):
 garbage-first heap   total 84992K, used 46367K [0x0000000081e00000, 0x0000000100000000)
  region size 1024K, 4 young (4096K), 4 survivors (4096K)
 Metaspace       used 38143K, committed 38464K, reserved 1089536K
  class space    used 4812K, committed 4928K, reserved 1048576K
}
Event: 2.564 GC heap before
{Heap before GC invocations=15 (full 0):
 garbage-first heap   total 84992K, used 55583K [0x0000000081e00000, 0x0000000100000000)
  region size 1024K, 14 young (14336K), 4 survivors (4096K)
 Metaspace       used 38210K, committed 38528K, reserved 1089536K
  class space    used 4820K, committed 4928K, reserved 1048576K
}
Event: 2.568 GC heap after
{Heap after GC invocations=16 (full 0):
 garbage-first heap   total 84992K, used 49394K [0x0000000081e00000, 0x0000000100000000)
  region size 1024K, 3 young (3072K), 3 survivors (3072K)
 Metaspace       used 38210K, committed 38528K, reserved 1089536K
  class space    used 4820K, committed 4928K, reserved 1048576K
}
Event: 2.606 GC heap before
{Heap before GC invocations=16 (full 0):
 garbage-first heap   total 112640K, used 65778K [0x0000000081e00000, 0x0000000100000000)
  region size 1024K, 17 young (17408K), 3 survivors (3072K)
 Metaspace       used 38210K, committed 38528K, reserved 1089536K
  class space    used 4820K, committed 4928K, reserved 1048576K
}

