# JRE version: OpenJDK Runtime Environment Temurin-17.0.5+8 (17.0.5+8) (build 17.0.5+8)
# Java VM: OpenJDK 64-Bit Server VM Temurin-17.0.5+8 (17.0.5+8, mixed mode, emulated-client, tiered, compressed oops, compressed class ptrs, g1 gc, windows-amd64)
GC Precious Log:
 CPUs: 8 total, 8 available
 Memory: 8067M
 Large Page Support: Disabled
 NUMA Support: Disabled
 Compressed Oops: Enabled (32-bit)
 Heap Region Size: 1M
 Heap Min Capacity: 8M
 Heap Initial Capacity: 128M
 Heap Max Capacity: 2018M
 Pre-touch: Disabled
 Parallel Workers: 8
 Concurrent Workers: 2
 Concurrent Refinement Workers: 8
 Periodic GC: Disabled
Heap:
 garbage-first heap   total 131072K, used 52219K [0x0000000081e00000, 0x0000000100000000)
  region size 1024K, 4 young (4096K), 4 survivors (4096K)
 Metaspace       used 38217K, committed 38528K, reserved 1089536K
  class space    used 4822K, committed 4928K, reserved 1048576K
GC Heap History (20 events):
Event: 1.071 GC heap after
{Heap after GC invocations=2 (full 0):
 garbage-first heap   total 131072K, used 11163K [0x0000000081e00000, 0x0000000100000000)
  region size 1024K, 3 young (3072K), 3 survivors (3072K)
 Metaspace       used 16194K, committed 16384K, reserved 1064960K
  class space    used 1955K, committed 2048K, reserved 1048576K
}
Event: 1.258 GC heap before
{Heap before GC invocations=2 (full 0):
 garbage-first heap   total 131072K, used 33691K [0x0000000081e00000, 0x0000000100000000)
  region size 1024K, 27 young (27648K), 3 survivors (3072K)
 Metaspace       used 21340K, committed 21504K, reserved 1073152K
  class space    used 2597K, committed 2688K, reserved 1048576K
}
Event: 1.261 GC heap after
{Heap after GC invocations=3 (full 0):
 garbage-first heap   total 131072K, used 12295K [0x0000000081e00000, 0x0000000100000000)
  region size 1024K, 4 young (4096K), 4 survivors (4096K)
 Metaspace       used 21340K, committed 21504K, reserved 1073152K
  class space    used 2597K, committed 2688K, reserved 1048576K
}
Event: 1.460 GC heap before
{Heap before GC invocations=4 (full 0):
 garbage-first heap   total 48128K, used 33799K [0x0000000081e00000, 0x0000000100000000)
  region size 1024K, 27 young (27648K), 4 survivors (4096K)
 Metaspace       used 24751K, committed 25024K, reserved 1073152K
  class space    used 3032K, committed 3200K, reserved 1048576K
}
Event: 1.464 GC heap after
{Heap after GC invocations=5 (full 0):
 garbage-first heap   total 48128K, used 13406K [0x0000000081e00000, 0x0000000100000000)
  region size 1024K, 5 young (5120K), 5 survivors (5120K)
 Metaspace       used 24751K, committed 25024K, reserved 1073152K
  class space    used 3032K, committed 3200K, reserved 1048576K
}
Event: 1.475 GC heap before
{Heap before GC invocations=5 (full 0):
 garbage-first heap   total 48128K, used 14430K [0x0000000081e00000, 0x0000000100000000)
  region size 1024K, 6 young (6144K), 5 survivors (5120K)
 Metaspace       used 24854K, committed 25152K, reserved 1073152K
  class space    used 3041K, committed 3200K, reserved 1048576K
}
Event: 1.480 GC heap after
{Heap after GC invocations=6 (full 0):
 garbage-first heap   total 48128K, used 13913K [0x0000000081e00000, 0x0000000100000000)
  region size 1024K, 1 young (1024K), 1 survivors (1024K)
 Metaspace       used 24854K, committed 25152K, reserved 1073152K
  class space    used 3041K, committed 3200K, reserved 1048576K
}
Event: 1.744 GC heap before
{Heap before GC invocations=6 (full 0):
 garbage-first heap   total 48128K, used 31321K [0x0000000081e00000, 0x0000000100000000)
  region size 1024K, 19 young (19456K), 1 survivors (1024K)
 Metaspace       used 28165K, committed 28480K, reserved 1081344K
  class space    used 3520K, committed 3648K, reserved 1048576K
}
Event: 1.748 GC heap after
{Heap after GC invocations=7 (full 0):
 garbage-first heap   total 96256K, used 15900K [0x0000000081e00000, 0x0000000100000000)
  region size 1024K, 3 young (3072K), 3 survivors (3072K)
 Metaspace       used 28165K, committed 28480K, reserved 1081344K
  class space    used 3520K, committed 3648K, reserved 1048576K
}
Event: 2.327 GC heap before
{Heap before GC invocations=7 (full 0):
 garbage-first heap   total 96256K, used 69148K [0x0000000081e00000, 0x0000000100000000)
  region size 1024K, 55 young (56320K), 3 survivors (3072K)
 Metaspace       used 35762K, committed 36160K, reserved 1081344K
  class space    used 4633K, committed 4800K, reserved 1048576K
}
Event: 2.333 GC heap after
{Heap after GC invocations=8 (full 0):
 garbage-first heap   total 96256K, used 20364K [0x0000000081e00000, 0x0000000100000000)
  region size 1024K, 7 young (7168K), 7 survivors (7168K)
 Metaspace       used 35762K, committed 36160K, reserved 1081344K
  class space    used 4633K, committed 4800K, reserved 1048576K
}
Event: 2.360 GC heap before
{Heap before GC invocations=8 (full 0):
 garbage-first heap   total 96256K, used 28556K [0x0000000081e00000, 0x0000000100000000)
  region size 1024K, 16 young (16384K), 7 survivors (7168K)
 Metaspace       used 35961K, committed 36288K, reserved 1081344K
  class space    used 4648K, committed 4800K, reserved 1048576K
}
Event: 2.365 GC heap after
{Heap after GC invocations=9 (full 0):
 garbage-first heap   total 96256K, used 22462K [0x0000000081e00000, 0x0000000100000000)
  region size 1024K, 3 young (3072K), 3 survivors (3072K)
 Metaspace       used 35961K, committed 36288K, reserved 1081344K
  class space    used 4648K, committed 4800K, reserved 1048576K
}
Event: 2.565 GC heap before
{Heap before GC invocations=10 (full 0):
 garbage-first heap   total 96256K, used 64446K [0x0000000081e00000, 0x0000000100000000)
  region size 1024K, 45 young (46080K), 3 survivors (3072K)
 Metaspace       used 37039K, committed 37440K, reserved 1081344K
  class space    used 4750K, committed 4928K, reserved 1048576K
}
Event: 2.571 GC heap after
{Heap after GC invocations=11 (full 0):
 garbage-first heap   total 96256K, used 29844K [0x0000000081e00000, 0x0000000100000000)
  region size 1024K, 6 young (6144K), 6 survivors (6144K)
 Metaspace       used 37039K, committed 37440K, reserved 1081344K
  class space    used 4750K, committed 4928K, reserved 1048576K
}
Event: 2.644 GC heap before
{Heap before GC invocations=11 (full 0):
 garbage-first heap   total 96256K, used 67732K [0x0000000081e00000, 0x0000000100000000)
  region size 1024K, 43 young (44032K), 6 survivors (6144K)
 Metaspace       used 37874K, committed 38208K, reserved 1089536K
  class space    used 4788K, committed 4928K, reserved 1048576K
}
Event: 2.650 GC heap after
{Heap after GC invocations=12 (full 0):
 garbage-first heap   total 96256K, used 36479K [0x0000000081e00000, 0x0000000100000000)
  region size 1024K, 6 young (6144K), 6 survivors (6144K)
 Metaspace       used 37874K, committed 38208K, reserved 1089536K
  class space    used 4788K, committed 4928K, reserved 1048576K
}
Event: 2.694 GC heap before
{Heap before GC invocations=12 (full 0):
 garbage-first heap   total 96256K, used 68223K [0x0000000081e00000, 0x0000000100000000)
  region size 1024K, 38 young (38912K), 6 survivors (6144K)
 Metaspace       used 38038K, committed 38336K, reserved 1089536K
  class space    used 4805K, committed 4928K, reserved 1048576K
}
Event: 2.703 GC heap after
{Heap after GC invocations=13 (full 0):
 garbage-first heap   total 96256K, used 47485K [0x0000000081e00000, 0x0000000100000000)
  region size 1024K, 5 young (5120K), 5 survivors (5120K)
 Metaspace       used 38038K, committed 38336K, reserved 1089536K
  class space    used 4805K, committed 4928K, reserved 1048576K
}
Event: 2.750 GC heap before
{Heap before GC invocations=13 (full 0):
 garbage-first heap   total 96256K, used 65917K [0x0000000081e00000, 0x0000000100000000)
  region size 1024K, 24 young (24576K), 5 survivors (5120K)
 Metaspace       used 38217K, committed 38528K, reserved 1089536K
  class space    used 4822K, committed 4928K, reserved 1048576K
}

