# JRE version: Java(TM) SE Runtime Environment (8.0_202-b08) (build 1.8.0_202-b08)
# Java VM: Java HotSpot(TM) 64-Bit Server VM (25.202-b08 mixed mode windows-amd64 compressed oops)
Heap:
 PSYoungGen      total 139776K, used 103634K [0x00000000d5f80000, 0x00000000e5480000, 0x0000000100000000)
  eden space 131072K, 79% used [0x00000000d5f80000,0x00000000dc4b4998,0x00000000ddf80000)
  from space 8704K, 0% used [0x00000000ddf80000,0x00000000ddf80000,0x00000000de800000)
  to   space 11264K, 0% used [0x00000000e4980000,0x00000000e4980000,0x00000000e5480000)
 ParOldGen       total 69120K, used 16321K [0x0000000081e00000, 0x0000000086180000, 0x00000000d5f80000)
  object space 69120K, 23% used [0x0000000081e00000,0x0000000082df0610,0x0000000086180000)
 Metaspace       used 47253K, capacity 49746K, committed 49960K, reserved 1091584K
  class space    used 6439K, capacity 6873K, committed 6952K, reserved 1048576K
GC Heap History (10 events):
Event: 3.814 GC heap before
{Heap before GC invocations=5 (full 0):
 PSYoungGen      total 71680K, used 45486K [0x00000000d5f80000, 0x00000000daa80000, 0x0000000100000000)
  eden space 66560K, 60% used [0x00000000d5f80000,0x00000000d86f2560,0x00000000da080000)
  from space 5120K, 99% used [0x00000000da580000,0x00000000daa79658,0x00000000daa80000)
  to   space 5120K, 0% used [0x00000000da080000,0x00000000da080000,0x00000000da580000)
 ParOldGen       total 87552K, used 4208K [0x0000000081e00000, 0x0000000087380000, 0x00000000d5f80000)
  object space 87552K, 4% used [0x0000000081e00000,0x000000008221c370,0x0000000087380000)
 Metaspace       used 20195K, capacity 21124K, committed 21296K, reserved 1067008K
  class space    used 2611K, capacity 2827K, committed 2944K, reserved 1048576K
Event: 3.831 GC heap after
Heap after GC invocations=5 (full 0):
 PSYoungGen      total 71680K, used 5104K [0x00000000d5f80000, 0x00000000df080000, 0x0000000100000000)
  eden space 66560K, 0% used [0x00000000d5f80000,0x00000000d5f80000,0x00000000da080000)
  from space 5120K, 99% used [0x00000000da080000,0x00000000da57c358,0x00000000da580000)
  to   space 7680K, 0% used [0x00000000de900000,0x00000000de900000,0x00000000df080000)
 ParOldGen       total 87552K, used 5295K [0x0000000081e00000, 0x0000000087380000, 0x00000000d5f80000)
  object space 87552K, 6% used [0x0000000081e00000,0x000000008232bd80,0x0000000087380000)
 Metaspace       used 20195K, capacity 21124K, committed 21296K, reserved 1067008K
  class space    used 2611K, capacity 2827K, committed 2944K, reserved 1048576K
}
Event: 3.831 GC heap before
{Heap before GC invocations=6 (full 1):
 PSYoungGen      total 71680K, used 5104K [0x00000000d5f80000, 0x00000000df080000, 0x0000000100000000)
  eden space 66560K, 0% used [0x00000000d5f80000,0x00000000d5f80000,0x00000000da080000)
  from space 5120K, 99% used [0x00000000da080000,0x00000000da57c358,0x00000000da580000)
  to   space 7680K, 0% used [0x00000000de900000,0x00000000de900000,0x00000000df080000)
 ParOldGen       total 87552K, used 5295K [0x0000000081e00000, 0x0000000087380000, 0x00000000d5f80000)
  object space 87552K, 6% used [0x0000000081e00000,0x000000008232bd80,0x0000000087380000)
 Metaspace       used 20195K, capacity 21124K, committed 21296K, reserved 1067008K
  class space    used 2611K, capacity 2827K, committed 2944K, reserved 1048576K
Event: 3.863 GC heap after
Heap after GC invocations=6 (full 1):
 PSYoungGen      total 71680K, used 0K [0x00000000d5f80000, 0x00000000df080000, 0x0000000100000000)
  eden space 66560K, 0% used [0x00000000d5f80000,0x00000000d5f80000,0x00000000da080000)
  from space 5120K, 0% used [0x00000000da080000,0x00000000da080000,0x00000000da580000)
  to   space 7680K, 0% used [0x00000000de900000,0x00000000de900000,0x00000000df080000)
 ParOldGen       total 46080K, used 6234K [0x0000000081e00000, 0x0000000084b00000, 0x00000000d5f80000)
  object space 46080K, 13% used [0x0000000081e00000,0x00000000824168c8,0x0000000084b00000)
 Metaspace       used 20195K, capacity 21124K, committed 21296K, reserved 1067008K
  class space    used 2611K, capacity 2827K, committed 2944K, reserved 1048576K
}
Event: 4.411 GC heap before
{Heap before GC invocations=7 (full 1):
 PSYoungGen      total 71680K, used 66560K [0x00000000d5f80000, 0x00000000df080000, 0x0000000100000000)
  eden space 66560K, 100% used [0x00000000d5f80000,0x00000000da080000,0x00000000da080000)
  from space 5120K, 0% used [0x00000000da080000,0x00000000da080000,0x00000000da580000)
  to   space 7680K, 0% used [0x00000000de900000,0x00000000de900000,0x00000000df080000)
 ParOldGen       total 46080K, used 6234K [0x0000000081e00000, 0x0000000084b00000, 0x00000000d5f80000)
  object space 46080K, 13% used [0x0000000081e00000,0x00000000824168c8,0x0000000084b00000)
 Metaspace       used 25120K, capacity 26310K, committed 26624K, reserved 1073152K
  class space    used 3237K, capacity 3485K, committed 3584K, reserved 1048576K
Event: 4.418 GC heap after
Heap after GC invocations=7 (full 1):
 PSYoungGen      total 132096K, used 7662K [0x00000000d5f80000, 0x00000000df080000, 0x0000000100000000)
  eden space 124416K, 0% used [0x00000000d5f80000,0x00000000d5f80000,0x00000000dd900000)
  from space 7680K, 99% used [0x00000000de900000,0x00000000df07b860,0x00000000df080000)
  to   space 8704K, 0% used [0x00000000ddf80000,0x00000000ddf80000,0x00000000de800000)
 ParOldGen       total 46080K, used 6705K [0x0000000081e00000, 0x0000000084b00000, 0x00000000d5f80000)
  object space 46080K, 14% used [0x0000000081e00000,0x000000008248c7b8,0x0000000084b00000)
 Metaspace       used 25120K, capacity 26310K, committed 26624K, reserved 1073152K
  class space    used 3237K, capacity 3485K, committed 3584K, reserved 1048576K
}
Event: 5.748 GC heap before
{Heap before GC invocations=8 (full 1):
 PSYoungGen      total 132096K, used 129548K [0x00000000d5f80000, 0x00000000df080000, 0x0000000100000000)
  eden space 124416K, 97% used [0x00000000d5f80000,0x00000000dd687b50,0x00000000dd900000)
  from space 7680K, 99% used [0x00000000de900000,0x00000000df07b860,0x00000000df080000)
  to   space 8704K, 0% used [0x00000000ddf80000,0x00000000ddf80000,0x00000000de800000)
 ParOldGen       total 46080K, used 6705K [0x0000000081e00000, 0x0000000084b00000, 0x00000000d5f80000)
  object space 46080K, 14% used [0x0000000081e00000,0x000000008248c7b8,0x0000000084b00000)
 Metaspace       used 33303K, capacity 35388K, committed 35496K, reserved 1079296K
  class space    used 4389K, capacity 4747K, committed 4776K, reserved 1048576K
Event: 5.760 GC heap after
Heap after GC invocations=8 (full 1):
 PSYoungGen      total 139776K, used 8692K [0x00000000d5f80000, 0x00000000e5480000, 0x0000000100000000)
  eden space 131072K, 0% used [0x00000000d5f80000,0x00000000d5f80000,0x00000000ddf80000)
  from space 8704K, 99% used [0x00000000ddf80000,0x00000000de7fd238,0x00000000de800000)
  to   space 11264K, 0% used [0x00000000e4980000,0x00000000e4980000,0x00000000e5480000)
 ParOldGen       total 46080K, used 10339K [0x0000000081e00000, 0x0000000084b00000, 0x00000000d5f80000)
  object space 46080K, 22% used [0x0000000081e00000,0x0000000082818fc0,0x0000000084b00000)
 Metaspace       used 33303K, capacity 35388K, committed 35496K, reserved 1079296K
  class space    used 4389K, capacity 4747K, committed 4776K, reserved 1048576K
}
Event: 5.760 GC heap before
{Heap before GC invocations=9 (full 2):
 PSYoungGen      total 139776K, used 8692K [0x00000000d5f80000, 0x00000000e5480000, 0x0000000100000000)
  eden space 131072K, 0% used [0x00000000d5f80000,0x00000000d5f80000,0x00000000ddf80000)
  from space 8704K, 99% used [0x00000000ddf80000,0x00000000de7fd238,0x00000000de800000)
  to   space 11264K, 0% used [0x00000000e4980000,0x00000000e4980000,0x00000000e5480000)
 ParOldGen       total 46080K, used 10339K [0x0000000081e00000, 0x0000000084b00000, 0x00000000d5f80000)
  object space 46080K, 22% used [0x0000000081e00000,0x0000000082818fc0,0x0000000084b00000)
 Metaspace       used 33303K, capacity 35388K, committed 35496K, reserved 1079296K
  class space    used 4389K, capacity 4747K, committed 4776K, reserved 1048576K
Event: 5.816 GC heap after
Heap after GC invocations=9 (full 2):
 PSYoungGen      total 139776K, used 0K [0x00000000d5f80000, 0x00000000e5480000, 0x0000000100000000)
  eden space 131072K, 0% used [0x00000000d5f80000,0x00000000d5f80000,0x00000000ddf80000)
  from space 8704K, 0% used [0x00000000ddf80000,0x00000000ddf80000,0x00000000de800000)
  to   space 11264K, 0% used [0x00000000e4980000,0x00000000e4980000,0x00000000e5480000)
 ParOldGen       total 69120K, used 16321K [0x0000000081e00000, 0x0000000086180000, 0x00000000d5f80000)
  object space 69120K, 23% used [0x0000000081e00000,0x0000000082df0610,0x0000000086180000)
 Metaspace       used 33303K, capacity 35388K, committed 35496K, reserved 1079296K
  class space    used 4389K, capacity 4747K, committed 4776K, reserved 1048576K
}

