# JRE version: OpenJDK Runtime Environment Temurin-17.0.5+8 (17.0.5+8) (build 17.0.5+8)
# Java VM: OpenJDK 64-Bit Server VM Temurin-17.0.5+8 (17.0.5+8, mixed mode, emulated-client, tiered, compressed oops, compressed class ptrs, g1 gc, windows-amd64)
GC Precious Log:
 CPUs: 8 total, 8 available
 Memory: 8067M
 Large Page Support: Disabled
 NUMA Support: Disabled
 Compressed Oops: Enabled (32-bit)
 Heap Region Size: 1M
 Heap Min Capacity: 8M
 Heap Initial Capacity: 128M
 Heap Max Capacity: 2018M
 Pre-touch: Disabled
 Parallel Workers: 8
 Concurrent Workers: 2
 Concurrent Refinement Workers: 8
 Periodic GC: Disabled
Heap:
 garbage-first heap   total 184320K, used 89355K [0x0000000081e00000, 0x0000000100000000)
  region size 1024K, 5 young (5120K), 5 survivors (5120K)
 Metaspace       used 40423K, committed 40768K, reserved 1089536K
  class space    used 5036K, committed 5184K, reserved 1048576K
GC Heap History (20 events):
Event: 1.459 GC heap after
{Heap after GC invocations=6 (full 0):
 garbage-first heap   total 51200K, used 13944K [0x0000000081e00000, 0x0000000100000000)
  region size 1024K, 1 young (1024K), 1 survivors (1024K)
 Metaspace       used 25298K, committed 25536K, reserved 1073152K
  class space    used 3100K, committed 3264K, reserved 1048576K
}
Event: 1.702 GC heap before
{Heap before GC invocations=6 (full 0):
 garbage-first heap   total 51200K, used 33400K [0x0000000081e00000, 0x0000000100000000)
  region size 1024K, 20 young (20480K), 1 survivors (1024K)
 Metaspace       used 28361K, committed 28672K, reserved 1081344K
  class space    used 3547K, committed 3712K, reserved 1048576K
}
Event: 1.706 GC heap after
{Heap after GC invocations=7 (full 0):
 garbage-first heap   total 102400K, used 15257K [0x0000000081e00000, 0x0000000100000000)
  region size 1024K, 3 young (3072K), 3 survivors (3072K)
 Metaspace       used 28361K, committed 28672K, reserved 1081344K
  class space    used 3547K, committed 3712K, reserved 1048576K
}
Event: 2.242 GC heap before
{Heap before GC invocations=7 (full 0):
 garbage-first heap   total 102400K, used 72601K [0x0000000081e00000, 0x0000000100000000)
  region size 1024K, 60 young (61440K), 3 survivors (3072K)
 Metaspace       used 35957K, committed 36288K, reserved 1081344K
  class space    used 4644K, committed 4800K, reserved 1048576K
}
Event: 2.248 GC heap after
{Heap after GC invocations=8 (full 0):
 garbage-first heap   total 102400K, used 21360K [0x0000000081e00000, 0x0000000100000000)
  region size 1024K, 8 young (8192K), 8 survivors (8192K)
 Metaspace       used 35957K, committed 36288K, reserved 1081344K
  class space    used 4644K, committed 4800K, reserved 1048576K
}
Event: 2.385 GC heap before
{Heap before GC invocations=9 (full 0):
 garbage-first heap   total 92160K, used 70512K [0x0000000081e00000, 0x0000000100000000)
  region size 1024K, 57 young (58368K), 8 survivors (8192K)
 Metaspace       used 37054K, committed 37376K, reserved 1081344K
  class space    used 4748K, committed 4864K, reserved 1048576K
}
Event: 2.393 GC heap after
{Heap after GC invocations=10 (full 0):
 garbage-first heap   total 92160K, used 29835K [0x0000000081e00000, 0x0000000100000000)
  region size 1024K, 8 young (8192K), 8 survivors (8192K)
 Metaspace       used 37054K, committed 37376K, reserved 1081344K
  class space    used 4748K, committed 4864K, reserved 1048576K
}
Event: 2.441 GC heap before
{Heap before GC invocations=10 (full 0):
 garbage-first heap   total 92160K, used 63627K [0x0000000081e00000, 0x0000000100000000)
  region size 1024K, 42 young (43008K), 8 survivors (8192K)
 Metaspace       used 37988K, committed 38272K, reserved 1089536K
  class space    used 4792K, committed 4928K, reserved 1048576K
}
Event: 2.447 GC heap after
{Heap after GC invocations=11 (full 0):
 garbage-first heap   total 92160K, used 36471K [0x0000000081e00000, 0x0000000100000000)
  region size 1024K, 6 young (6144K), 6 survivors (6144K)
 Metaspace       used 37988K, committed 38272K, reserved 1089536K
  class space    used 4792K, committed 4928K, reserved 1048576K
}
Event: 2.477 GC heap before
{Heap before GC invocations=11 (full 0):
 garbage-first heap   total 92160K, used 66167K [0x0000000081e00000, 0x0000000100000000)
  region size 1024K, 36 young (36864K), 6 survivors (6144K)
 Metaspace       used 38027K, committed 38336K, reserved 1089536K
  class space    used 4800K, committed 4928K, reserved 1048576K
}
Event: 2.485 GC heap after
{Heap after GC invocations=12 (full 0):
 garbage-first heap   total 92160K, used 47341K [0x0000000081e00000, 0x0000000100000000)
  region size 1024K, 5 young (5120K), 5 survivors (5120K)
 Metaspace       used 38027K, committed 38336K, reserved 1089536K
  class space    used 4800K, committed 4928K, reserved 1048576K
}
Event: 2.512 GC heap before
{Heap before GC invocations=12 (full 0):
 garbage-first heap   total 92160K, used 65773K [0x0000000081e00000, 0x0000000100000000)
  region size 1024K, 24 young (24576K), 5 survivors (5120K)
 Metaspace       used 38209K, committed 38528K, reserved 1089536K
  class space    used 4818K, committed 4928K, reserved 1048576K
}
Event: 2.518 GC heap after
{Heap after GC invocations=13 (full 0):
 garbage-first heap   total 184320K, used 52803K [0x0000000081e00000, 0x0000000100000000)
  region size 1024K, 4 young (4096K), 4 survivors (4096K)
 Metaspace       used 38209K, committed 38528K, reserved 1089536K
  class space    used 4818K, committed 4928K, reserved 1048576K
}
Event: 2.790 GC heap before
{Heap before GC invocations=13 (full 0):
 garbage-first heap   total 184320K, used 134723K [0x0000000081e00000, 0x0000000100000000)
  region size 1024K, 79 young (80896K), 4 survivors (4096K)
 Metaspace       used 39583K, committed 39872K, reserved 1089536K
  class space    used 4971K, committed 5120K, reserved 1048576K
}
Event: 2.815 GC heap after
{Heap after GC invocations=14 (full 0):
 garbage-first heap   total 184320K, used 82230K [0x0000000081e00000, 0x0000000100000000)
  region size 1024K, 10 young (10240K), 10 survivors (10240K)
 Metaspace       used 39583K, committed 39872K, reserved 1089536K
  class space    used 4971K, committed 5120K, reserved 1048576K
}
Event: 2.832 GC heap before
{Heap before GC invocations=14 (full 0):
 garbage-first heap   total 184320K, used 133430K [0x0000000081e00000, 0x0000000100000000)
  region size 1024K, 61 young (62464K), 10 survivors (10240K)
 Metaspace       used 40099K, committed 40448K, reserved 1089536K
  class space    used 4998K, committed 5184K, reserved 1048576K
}
Event: 2.837 GC heap after
{Heap after GC invocations=15 (full 0):
 garbage-first heap   total 184320K, used 85358K [0x0000000081e00000, 0x0000000100000000)
  region size 1024K, 3 young (3072K), 3 survivors (3072K)
 Metaspace       used 40099K, committed 40448K, reserved 1089536K
  class space    used 4998K, committed 5184K, reserved 1048576K
}
Event: 2.851 GC heap before
{Heap before GC invocations=15 (full 0):
 garbage-first heap   total 184320K, used 137582K [0x0000000081e00000, 0x0000000100000000)
  region size 1024K, 55 young (56320K), 3 survivors (3072K)
 Metaspace       used 40283K, committed 40640K, reserved 1089536K
  class space    used 5011K, committed 5184K, reserved 1048576K
}
Event: 2.853 GC heap after
{Heap after GC invocations=16 (full 0):
 garbage-first heap   total 184320K, used 87050K [0x0000000081e00000, 0x0000000100000000)
  region size 1024K, 5 young (5120K), 5 survivors (5120K)
 Metaspace       used 40283K, committed 40640K, reserved 1089536K
  class space    used 5011K, committed 5184K, reserved 1048576K
}
Event: 2.869 GC heap before
{Heap before GC invocations=16 (full 0):
 garbage-first heap   total 184320K, used 141322K [0x0000000081e00000, 0x0000000100000000)
  region size 1024K, 59 young (60416K), 5 survivors (5120K)
 Metaspace       used 40423K, committed 40768K, reserved 1089536K
  class space    used 5036K, committed 5184K, reserved 1048576K
}

