# JRE version: OpenJDK Runtime Environment Temurin-17.0.5+8 (17.0.5+8) (build 17.0.5+8)
# Java VM: OpenJDK 64-Bit Server VM Temurin-17.0.5+8 (17.0.5+8, mixed mode, emulated-client, tiered, compressed oops, compressed class ptrs, g1 gc, windows-amd64)
GC Precious Log:
 CPUs: 8 total, 8 available
 Memory: 8067M
 Large Page Support: Disabled
 NUMA Support: Disabled
 Compressed Oops: Enabled (32-bit)
 Heap Region Size: 1M
 Heap Min Capacity: 8M
 Heap Initial Capacity: 128M
 Heap Max Capacity: 2018M
 Pre-touch: Disabled
 Parallel Workers: 8
 Concurrent Workers: 2
 Concurrent Refinement Workers: 8
 Periodic GC: Disabled
Heap:
 garbage-first heap   total 131072K, used 51405K [0x0000000081e00000, 0x0000000100000000)
  region size 1024K, 4 young (4096K), 4 survivors (4096K)
 Metaspace       used 38754K, committed 39104K, reserved 1089536K
  class space    used 4912K, committed 5056K, reserved 1048576K
GC Heap History (20 events):
Event: 1.391 GC heap after
{Heap after GC invocations=2 (full 0):
 garbage-first heap   total 131072K, used 10896K [0x0000000081e00000, 0x0000000100000000)
  region size 1024K, 3 young (3072K), 3 survivors (3072K)
 Metaspace       used 16193K, committed 16384K, reserved 1064960K
  class space    used 1955K, committed 2048K, reserved 1048576K
}
Event: 1.612 GC heap before
{Heap before GC invocations=2 (full 0):
 garbage-first heap   total 131072K, used 33424K [0x0000000081e00000, 0x0000000100000000)
  region size 1024K, 27 young (27648K), 3 survivors (3072K)
 Metaspace       used 21343K, committed 21504K, reserved 1073152K
  class space    used 2599K, committed 2688K, reserved 1048576K
}
Event: 1.615 GC heap after
{Heap after GC invocations=3 (full 0):
 garbage-first heap   total 131072K, used 12136K [0x0000000081e00000, 0x0000000100000000)
  region size 1024K, 4 young (4096K), 4 survivors (4096K)
 Metaspace       used 21343K, committed 21504K, reserved 1073152K
  class space    used 2599K, committed 2688K, reserved 1048576K
}
Event: 1.890 GC heap before
{Heap before GC invocations=4 (full 0):
 garbage-first heap   total 48128K, used 34664K [0x0000000081e00000, 0x0000000100000000)
  region size 1024K, 27 young (27648K), 4 survivors (4096K)
 Metaspace       used 24759K, committed 25024K, reserved 1073152K
  class space    used 3035K, committed 3200K, reserved 1048576K
}
Event: 1.894 GC heap after
{Heap after GC invocations=5 (full 0):
 garbage-first heap   total 48128K, used 13435K [0x0000000081e00000, 0x0000000100000000)
  region size 1024K, 5 young (5120K), 5 survivors (5120K)
 Metaspace       used 24759K, committed 25024K, reserved 1073152K
  class space    used 3035K, committed 3200K, reserved 1048576K
}
Event: 1.908 GC heap before
{Heap before GC invocations=5 (full 0):
 garbage-first heap   total 48128K, used 14459K [0x0000000081e00000, 0x0000000100000000)
  region size 1024K, 6 young (6144K), 5 survivors (5120K)
 Metaspace       used 24861K, committed 25152K, reserved 1073152K
  class space    used 3044K, committed 3200K, reserved 1048576K
}
Event: 1.913 GC heap after
{Heap after GC invocations=6 (full 0):
 garbage-first heap   total 48128K, used 13648K [0x0000000081e00000, 0x0000000100000000)
  region size 1024K, 1 young (1024K), 1 survivors (1024K)
 Metaspace       used 24861K, committed 25152K, reserved 1073152K
  class space    used 3044K, committed 3200K, reserved 1048576K
}
Event: 2.214 GC heap before
{Heap before GC invocations=6 (full 0):
 garbage-first heap   total 48128K, used 31056K [0x0000000081e00000, 0x0000000100000000)
  region size 1024K, 19 young (19456K), 1 survivors (1024K)
 Metaspace       used 28168K, committed 28480K, reserved 1081344K
  class space    used 3522K, committed 3648K, reserved 1048576K
}
Event: 2.217 GC heap after
{Heap after GC invocations=7 (full 0):
 garbage-first heap   total 94208K, used 15276K [0x0000000081e00000, 0x0000000100000000)
  region size 1024K, 3 young (3072K), 3 survivors (3072K)
 Metaspace       used 28168K, committed 28480K, reserved 1081344K
  class space    used 3522K, committed 3648K, reserved 1048576K
}
Event: 2.958 GC heap before
{Heap before GC invocations=7 (full 0):
 garbage-first heap   total 94208K, used 67500K [0x0000000081e00000, 0x0000000100000000)
  region size 1024K, 54 young (55296K), 3 survivors (3072K)
 Metaspace       used 35580K, committed 35840K, reserved 1081344K
  class space    used 4604K, committed 4736K, reserved 1048576K
}
Event: 2.965 GC heap after
{Heap after GC invocations=8 (full 0):
 garbage-first heap   total 94208K, used 19581K [0x0000000081e00000, 0x0000000100000000)
  region size 1024K, 7 young (7168K), 7 survivors (7168K)
 Metaspace       used 35580K, committed 35840K, reserved 1081344K
  class space    used 4604K, committed 4736K, reserved 1048576K
}
Event: 3.029 GC heap before
{Heap before GC invocations=8 (full 0):
 garbage-first heap   total 94208K, used 34941K [0x0000000081e00000, 0x0000000100000000)
  region size 1024K, 24 young (24576K), 7 survivors (7168K)
 Metaspace       used 35899K, committed 36160K, reserved 1081344K
  class space    used 4655K, committed 4800K, reserved 1048576K
}
Event: 3.034 GC heap after
{Heap after GC invocations=9 (full 0):
 garbage-first heap   total 94208K, used 23440K [0x0000000081e00000, 0x0000000100000000)
  region size 1024K, 5 young (5120K), 5 survivors (5120K)
 Metaspace       used 35899K, committed 36160K, reserved 1081344K
  class space    used 4655K, committed 4800K, reserved 1048576K
}
Event: 3.165 GC heap before
{Heap before GC invocations=10 (full 0):
 garbage-first heap   total 94208K, used 62352K [0x0000000081e00000, 0x0000000100000000)
  region size 1024K, 44 young (45056K), 5 survivors (5120K)
 Metaspace       used 36802K, committed 37184K, reserved 1081344K
  class space    used 4777K, committed 4928K, reserved 1048576K
}
Event: 3.172 GC heap after
{Heap after GC invocations=11 (full 0):
 garbage-first heap   total 94208K, used 30150K [0x0000000081e00000, 0x0000000100000000)
  region size 1024K, 6 young (6144K), 6 survivors (6144K)
 Metaspace       used 36802K, committed 37184K, reserved 1081344K
  class space    used 4777K, committed 4928K, reserved 1048576K
}
Event: 3.230 GC heap before
{Heap before GC invocations=11 (full 0):
 garbage-first heap   total 94208K, used 64966K [0x0000000081e00000, 0x0000000100000000)
  region size 1024K, 41 young (41984K), 6 survivors (6144K)
 Metaspace       used 37353K, committed 37632K, reserved 1081344K
  class space    used 4816K, committed 4928K, reserved 1048576K
}
Event: 3.235 GC heap after
{Heap after GC invocations=12 (full 0):
 garbage-first heap   total 94208K, used 36302K [0x0000000081e00000, 0x0000000100000000)
  region size 1024K, 6 young (6144K), 6 survivors (6144K)
 Metaspace       used 37353K, committed 37632K, reserved 1081344K
  class space    used 4816K, committed 4928K, reserved 1048576K
}
Event: 3.276 GC heap before
{Heap before GC invocations=12 (full 0):
 garbage-first heap   total 94208K, used 68046K [0x0000000081e00000, 0x0000000100000000)
  region size 1024K, 37 young (37888K), 6 survivors (6144K)
 Metaspace       used 37787K, committed 38080K, reserved 1089536K
  class space    used 4861K, committed 4992K, reserved 1048576K
}
Event: 3.283 GC heap after
{Heap after GC invocations=13 (full 0):
 garbage-first heap   total 94208K, used 45056K [0x0000000081e00000, 0x0000000100000000)
  region size 1024K, 5 young (5120K), 5 survivors (5120K)
 Metaspace       used 37787K, committed 38080K, reserved 1089536K
  class space    used 4861K, committed 4992K, reserved 1048576K
}
Event: 3.353 GC heap before
{Heap before GC invocations=13 (full 0):
 garbage-first heap   total 94208K, used 67584K [0x0000000081e00000, 0x0000000100000000)
  region size 1024K, 28 young (28672K), 5 survivors (5120K)
 Metaspace       used 38754K, committed 39104K, reserved 1089536K
  class space    used 4912K, committed 5056K, reserved 1048576K
}

